<?xml version="1.0" encoding="UTF-8"?>
<!-- Generated by org.testng.reporters.JUnitXMLReporter -->
<testsuite ignored="0" hostname="ITOPSs-MacBook-Pro-3.local" failures="16" tests="198" name="Surefire test" time="1473.952" errors="0" timestamp="20 Sept 2023 20:57:20 GMT">
  <testcase classname="Tests.Regression_Suit" name="CheckLogin_Text" time="0.141"/>
  <testcase classname="Tests.Regression_Suit" name="Checklogo" time="0.038"/>
  <testcase classname="Tests.Regression_Suit" name="verifyfooter_text" time="0.024"/>
  <testcase classname="Tests.Regression_Suit" name="verify_case6" time="1.254"/>
  <testcase classname="Tests.Regression_Suit" name="verify_Case5" time="2.463"/>
  <testcase classname="Tests.Regression_Suit" name="verify_Case4" time="1.979"/>
  <testcase classname="Tests.Regression_Suit" name="verify_Case3" time="0.855"/>
  <testcase classname="Tests.Regression_Suit" name="Empty_Login_and_Verify_username_validation" time="0.311"/>
  <testcase classname="Tests.Regression_Suit" name="verify_sucessful_login" time="7.296"/>
  <testcase classname="Tests.Regression_Suit" name="change_venture_BD" time="9.541"/>
  <testcase classname="Tests.Regression_Suit" name="left_menu_scraper_selection" time="0.678"/>
  <testcase classname="Tests.Regression_Suit" name="verify_pagetitle" time="0.113"/>
  <testcase classname="Tests.Regression_Suit" name="get_table_data_before_job_start" time="91.417"/>
  <testcase classname="Tests.Regression_Suit" name="check_cancel_button" time="3.034"/>
  <testcase classname="Tests.Regression_Suit" name="Start_Scraping_Jobs" time="2.974"/>
  <testcase classname="Tests.Regression_Suit" name="Success_msg" time="0.616"/>
  <testcase classname="Tests.Regression_Suit" name="getandcomparedata" time="59.393">
    <failure type="java.lang.AssertionError" message="expected [150] but found [148]">
      <![CDATA[java.lang.AssertionError: expected [150] but found [148]
at Pages.ScraperPage.getandcomparedata(ScraperPage.java:138)
at Tests.Regression_Suit.getandcomparedata(Regression_Suit.java:180)
... Removed 34 stack frames]]>
    </failure>
  </testcase> <!-- getandcomparedata -->
  <testcase classname="Tests.Regression_Suit" name="verify_select20records" time="25.388"/>
  <testcase classname="Tests.Regression_Suit" name="verify_click_SKUMatching_module" time="0.616"/>
  <testcase classname="Tests.Regression_Suit" name="verify_Create_task_popup" time="0.673"/>
  <testcase classname="Tests.Regression_Suit" name="verify_create_task_popup_cancel_btn" time="2.063"/>
  <testcase classname="Tests.Regression_Suit" name="create_task_popup_cancel_icon" time="2.638"/>
  <testcase classname="Tests.Regression_Suit" name="verify_double_click_chaldal_remove_selection" time="4.808"/>
  <testcase classname="Tests.Regression_Suit" name="verify_check_single_competitor_selection" time="7.137"/>
  <testcase classname="Tests.Regression_Suit" name="verify_check_multiple_competitor_selection" time="7.729"/>
  <testcase classname="Tests.Regression_Suit" name="verify_Create_task_replace_file" time="3.425"/>
  <testcase classname="Tests.Regression_Suit" name="download_create_task_templete" time="2.885">
    <failure type="java.nio.file.NoSuchFileException" message="/home/qaautomation/Downloads">
      <![CDATA[java.nio.file.NoSuchFileException: /home/qaautomation/Downloads
at java.base/sun.nio.fs.UnixException.translateToIOException(UnixException.java:92)
at java.base/sun.nio.fs.UnixException.rethrowAsIOException(UnixException.java:106)
at java.base/sun.nio.fs.UnixException.rethrowAsIOException(UnixException.java:111)
at java.base/sun.nio.fs.UnixFileSystemProvider.newDirectoryStream(UnixFileSystemProvider.java:420)
at java.base/java.nio.file.Files.newDirectoryStream(Files.java:482)
at java.base/java.nio.file.Files.list(Files.java:3791)
at Pages.SKUMatchingPage.download_create_task_templete(SKUMatchingPage.java:210)
at Tests.Regression_Suit.download_create_task_templete(Regression_Suit.java:221)
... Removed 28 stack frames]]>
    </failure>
  </testcase> <!-- download_create_task_templete -->
  <testcase classname="Tests.Regression_Suit" name="get_table_data_before_create_task" time="19.64"/>
  <testcase classname="Tests.Regression_Suit" name="verify_create_task" time="21.862"/>
  <testcase classname="Tests.Regression_Suit" name="verify_get_task_data" time="14.182">
    <failure type="java.text.ParseException" message="Unparseable date: &amp;quot;Wed, 20 Sep 2023 20:37:29 GMT&amp;quot;">
      <![CDATA[java.text.ParseException: Unparseable date: "Wed, 20 Sep 2023 20:37:29 GMT"
at java.base/java.text.DateFormat.parse(DateFormat.java:399)
at Pages.SKUMatchingPage.get_task_data(SKUMatchingPage.java:235)
at Tests.Regression_Suit.verify_get_task_data(Regression_Suit.java:240)
... Removed 28 stack frames]]>
    </failure>
  </testcase> <!-- verify_get_task_data -->
  <testcase classname="Tests.Regression_Suit" name="verify_task_created" time="39.428"/>
  <testcase classname="Tests.Regression_Suit" name="verify_click_task_details" time="2.944"/>
  <testcase classname="Tests.Regression_Suit" name="verify_matching_status_filter" time="0.075"/>
  <testcase classname="Tests.Regression_Suit" name="verify_all_active_skus_from_file" time="4.706"/>
  <testcase classname="Tests.Regression_Suit" name="click_add_competitor_sku_verify_popup" time="1.479"/>
  <testcase classname="Tests.Regression_Suit" name="click_cancel_popup" time="3.452"/>
  <testcase classname="Tests.Regression_Suit" name="verify_online_selection" time="1.367"/>
  <testcase classname="Tests.Regression_Suit" name="add_online_competitor_sku_match_valid_url" time="3.255"/>
  <testcase classname="Tests.Regression_Suit" name="verify_online_match_added" time="5.454"/>
  <testcase classname="Tests.Regression_Suit" name="add_online_competitor_sku_invalid_url" time="2.19"/>
  <testcase classname="Tests.Regression_Suit" name="verify_add_sku_btn_disable_on_popup_display" time="1.331"/>
  <testcase classname="Tests.Regression_Suit" name="verify_add_sku_btn_disable_on_competitor_select" time="1.441"/>
  <testcase classname="Tests.Regression_Suit" name="verify_add_sku_btn_disable_on_add_url" time="1.58"/>
  <testcase classname="Tests.Regression_Suit" name="verify_offline_selection" time="1.394"/>
  <testcase classname="Tests.Regression_Suit" name="add_offline_competitor_sku_match_valid_data_verify_button_disabled_on_sku_name" time="1.453"/>
  <testcase classname="Tests.Regression_Suit" name="add_offline_competitor_sku_match_valid_data_verify_button_disabled_on_sku_name_and_competitor_name" time="1.551"/>
  <testcase classname="Tests.Regression_Suit" name="add_offline_competitor_sku_match_valid_data_verify_button_disabled_on_sku_name_and_competitor_name_and_price" time="3.449">
    <failure type="org.openqa.selenium.ElementClickInterceptedException" message="element click intercepted: Element &amp;lt;a class=&amp;quot;nav-link&amp;quot;&amp;gt;...&amp;lt;/a&amp;gt; is not clickable at point (556, 123). Other element would receive the click: &amp;lt;div class=&amp;quot;loader&amp;quot;&amp;gt;...&amp;lt;/div&amp;gt;
  (Session info: headless chrome=110.0.5481.177)
Build info: version: &amp;apos;4.10.0&amp;apos;, revision: &amp;apos;c14d967899&amp;apos;
System info: os.name: &amp;apos;Mac OS X&amp;apos;, os.arch: &amp;apos;aarch64&amp;apos;, os.version: &amp;apos;13.5.1&amp;apos;, java.version: &amp;apos;19.0.1&amp;apos;
Driver info: org.openqa.selenium.chrome.ChromeDriver
Command: [746302c38a1ab8bb049f9d9d78b93d68, clickElement {id=3ef37641-0138-4c98-998d-8564991cb8bd}]
Capabilities {acceptInsecureCerts: false, browserName: chrome, browserVersion: 110.0.5481.177, chrome: {chromedriverVersion: 110.0.5481.77 (65ed616c6e8e..., userDataDir: /var/folders/cn/t8j6szvx4_n...}, goog:chromeOptions: {debuggerAddress: localhost:52036}, networkConnectionEnabled: false, pageLoadStrategy: normal, platformName: mac, proxy: Proxy(), setWindowRect: true, strictFileInteractability: false, timeouts: {implicit: 0, pageLoad: 300000, script: 30000}, unhandledPromptBehavior: dismiss and notify, webauthn:extension:credBlob: true, webauthn:extension:largeBlob: true, webauthn:virtualAuthenticators: true}
Element: [[ChromeDriver: chrome on mac (746302c38a1ab8bb049f9d9d78b93d68)] -&amp;gt; xpath: //ul[@class = &amp;apos;nav nav-tabs nav-pills&amp;apos;]/li/a[contains(text(),&amp;apos;Offline&amp;apos;)]]
Session ID: 746302c38a1ab8bb049f9d9d78b93d68">
      <![CDATA[org.openqa.selenium.ElementClickInterceptedException: element click intercepted: Element <a class="nav-link">...</a> is not clickable at point (556, 123). Other element would receive the click: <div class="loader">...</div>
  (Session info: headless chrome=110.0.5481.177)
Build info: version: '4.10.0', revision: 'c14d967899'
System info: os.name: 'Mac OS X', os.arch: 'aarch64', os.version: '13.5.1', java.version: '19.0.1'
Driver info: org.openqa.selenium.chrome.ChromeDriver
Command: [746302c38a1ab8bb049f9d9d78b93d68, clickElement {id=3ef37641-0138-4c98-998d-8564991cb8bd}]
Capabilities {acceptInsecureCerts: false, browserName: chrome, browserVersion: 110.0.5481.177, chrome: {chromedriverVersion: 110.0.5481.77 (65ed616c6e8e..., userDataDir: /var/folders/cn/t8j6szvx4_n...}, goog:chromeOptions: {debuggerAddress: localhost:52036}, networkConnectionEnabled: false, pageLoadStrategy: normal, platformName: mac, proxy: Proxy(), setWindowRect: true, strictFileInteractability: false, timeouts: {implicit: 0, pageLoad: 300000, script: 30000}, unhandledPromptBehavior: dismiss and notify, webauthn:extension:credBlob: true, webauthn:extension:largeBlob: true, webauthn:virtualAuthenticators: true}
Element: [[ChromeDriver: chrome on mac (746302c38a1ab8bb049f9d9d78b93d68)] -> xpath: //ul[@class = 'nav nav-tabs nav-pills']/li/a[contains(text(),'Offline')]]
Session ID: 746302c38a1ab8bb049f9d9d78b93d68
at org.openqa.selenium.remote.codec.w3c.W3CHttpResponseCodec.createException(W3CHttpResponseCodec.java:199)
at org.openqa.selenium.remote.codec.w3c.W3CHttpResponseCodec.decode(W3CHttpResponseCodec.java:132)
at org.openqa.selenium.remote.codec.w3c.W3CHttpResponseCodec.decode(W3CHttpResponseCodec.java:51)
at org.openqa.selenium.remote.HttpCommandExecutor.execute(HttpCommandExecutor.java:191)
at org.openqa.selenium.remote.service.DriverCommandExecutor.invokeExecute(DriverCommandExecutor.java:196)
at org.openqa.selenium.remote.service.DriverCommandExecutor.execute(DriverCommandExecutor.java:171)
at org.openqa.selenium.remote.RemoteWebDriver.execute(RemoteWebDriver.java:531)
at org.openqa.selenium.remote.RemoteWebElement.execute(RemoteWebElement.java:242)
at org.openqa.selenium.remote.RemoteWebElement.click(RemoteWebElement.java:77)
at org.openqa.selenium.support.pagefactory.internal.LocatingElementHandler.invoke(LocatingElementHandler.java:51)
at jdk.proxy2/jdk.proxy2.$Proxy18.click(Unknown Source)
at Pages.SKUMatchingPage.add_offline_competitor_sku_match_valid_data_verify_button_disabled_on_sku_name_and_competitor_name_and_price(SKUMatchingPage.java:709)
at Tests.Regression_Suit.add_offline_competitor_sku_match_valid_data_verify_button_disabled_on_sku_name_and_competitor_name_and_price(Regression_Suit.java:343)
... Removed 33 stack frames]]>
    </failure>
  </testcase> <!-- add_offline_competitor_sku_match_valid_data_verify_button_disabled_on_sku_name_and_competitor_name_and_price -->
  <testcase classname="Tests.Regression_Suit" name="add_offline_competitor_sku_match_valid_data_verify_button_disabled_on_sku_name_and_competitor_name_and_l1_category" time="7.899"/>
  <testcase classname="Tests.Regression_Suit" name="add_offline_competitor_sku_match_valid_data_verify_button_enabled" time="1.784"/>
  <testcase classname="Tests.Regression_Suit" name="add_offline_competitor_sku_match_valid_data_click_add_sku_button" time="2.366"/>
  <testcase classname="Tests.Regression_Suit" name="verify_offline_competitor_sku_match_added_verify_competitor_sku" time="3.936"/>
  <testcase classname="Tests.Regression_Suit" name="verify_offline_competitor_sku_match_added_verify_competitor_name" time="1.404"/>
  <testcase classname="Tests.Regression_Suit" name="verify_offline_competitor_sku_match_added_verify_competitor_price" time="2.922"/>
  <testcase classname="Tests.Regression_Suit" name="verify_offline_competitor_sku_match_added_verify_competitor_category" time="1.38"/>
  <testcase classname="Tests.Regression_Suit" name="verify_database_tab_selection" time="2.178"/>
  <testcase classname="Tests.Regression_Suit" name="verify_database_tab_add_btn_disabled" time="1.955"/>
  <testcase classname="Tests.Regression_Suit" name="verify_search_btn_disabled" time="1.42"/>
  <testcase classname="Tests.Regression_Suit" name="verify_cancel_icon_database_tab" time="3.652"/>
  <testcase classname="Tests.Regression_Suit" name="verify_cancel_button_database_tab" time="3.982"/>
  <testcase classname="Tests.Regression_Suit" name="verify_search_btn_enabled_on_filter_selection" time="1.824"/>
  <testcase classname="Tests.Regression_Suit" name="verify_filter_competitor_name" time="1.441"/>
  <testcase classname="Tests.Regression_Suit" name="verify_data_on_filter_by_chaldal_database_tab" time="5.539"/>
  <testcase classname="Tests.Regression_Suit" name="verify_data_on_filter_by_pandamart_database_tab" time="6.419"/>
  <testcase classname="Tests.Regression_Suit" name="verify_data_on_filter_by_pickaboo_database_tab" time="5.764"/>
  <testcase classname="Tests.Regression_Suit" name="verify_data_on_filter_by_shajgoj_database_tab" time="6.39"/>
  <testcase classname="Tests.Regression_Suit" name="search_sku_name_against_competitor_database_tab" time="12.16"/>
  <testcase classname="Tests.Regression_Suit" name="add_match_database_tab" time="3.282"/>
  <testcase classname="Tests.Regression_Suit" name="verify_database_match_added" time="1.478"/>
  <testcase classname="Tests.Regression_Suit" name="download_file_task_details" time="2.815">
    <failure type="java.nio.file.NoSuchFileException" message="/home/qaautomation/Downloads">
      <![CDATA[java.nio.file.NoSuchFileException: /home/qaautomation/Downloads
at java.base/sun.nio.fs.UnixException.translateToIOException(UnixException.java:92)
at java.base/sun.nio.fs.UnixException.rethrowAsIOException(UnixException.java:106)
at java.base/sun.nio.fs.UnixException.rethrowAsIOException(UnixException.java:111)
at java.base/sun.nio.fs.UnixFileSystemProvider.newDirectoryStream(UnixFileSystemProvider.java:420)
at java.base/java.nio.file.Files.newDirectoryStream(Files.java:482)
at java.base/java.nio.file.Files.list(Files.java:3791)
at Pages.SKUMatchingPage.download_file_task_details(SKUMatchingPage.java:1192)
at Tests.Regression_Suit.download_file_task_details(Regression_Suit.java:453)
... Removed 28 stack frames]]>
    </failure>
  </testcase> <!-- download_file_task_details -->
  <testcase classname="Tests.Regression_Suit" name="verify_view_matched_item_data" time="1.311"/>
  <testcase classname="Tests.Regression_Suit" name="mark_inaccurate" time="4.568"/>
  <testcase classname="Tests.Regression_Suit" name="mark_verified" time="7.24"/>
  <testcase classname="Tests.Regression_Suit" name="verify_mark_inaccurate_dropdown" time="3.728"/>
  <testcase classname="Tests.Regression_Suit" name="click_SKUMatching_module" time="0.276"/>
  <testcase classname="Tests.Regression_Suit" name="upload_online_match_valid_file_click_upload" time="11.893"/>
  <testcase classname="Tests.Regression_Suit" name="upload_online_match_valid_file_click_cancel_button" time="10.405"/>
  <testcase classname="Tests.Regression_Suit" name="upload_online_match_valid_file_click_cancel_icon" time="0.122"/>
  <testcase classname="Tests.Regression_Suit" name="upload_online_match_without_file" time="0.728"/>
  <testcase classname="Tests.Regression_Suit" name="upload_online_match_invalid_excel_file" time="18.538"/>
  <testcase classname="Tests.Regression_Suit" name="upload_online_match_invalid_image_file" time="13.492"/>
  <testcase classname="Tests.Regression_Suit" name="download_templete_online_matches" time="2.153">
    <failure type="java.nio.file.NoSuchFileException" message="/home/qaautomation/Downloads">
      <![CDATA[java.nio.file.NoSuchFileException: /home/qaautomation/Downloads
at java.base/sun.nio.fs.UnixException.translateToIOException(UnixException.java:92)
at java.base/sun.nio.fs.UnixException.rethrowAsIOException(UnixException.java:106)
at java.base/sun.nio.fs.UnixException.rethrowAsIOException(UnixException.java:111)
at java.base/sun.nio.fs.UnixFileSystemProvider.newDirectoryStream(UnixFileSystemProvider.java:420)
at java.base/java.nio.file.Files.newDirectoryStream(Files.java:482)
at java.base/java.nio.file.Files.list(Files.java:3791)
at Pages.SKUMatchingPage.download_templete_online_matches(SKUMatchingPage.java:1634)
at Tests.Regression_Suit.download_templete_online_matches(Regression_Suit.java:518)
... Removed 28 stack frames]]>
    </failure>
  </testcase> <!-- download_templete_online_matches -->
  <testcase classname="Tests.Regression_Suit" name="online_get_task_data" time="14.16">
    <failure type="java.text.ParseException" message="Unparseable date: &amp;quot;Wed, 20 Sep 2023 20:40:53 GMT&amp;quot;">
      <![CDATA[java.text.ParseException: Unparseable date: "Wed, 20 Sep 2023 20:40:53 GMT"
at java.base/java.text.DateFormat.parse(DateFormat.java:399)
at Pages.SKUMatchingPage.get_task_data(SKUMatchingPage.java:235)
at Tests.Regression_Suit.online_get_task_data(Regression_Suit.java:522)
... Removed 28 stack frames]]>
    </failure>
  </testcase> <!-- online_get_task_data -->
  <testcase classname="Tests.Regression_Suit" name="click_task_details" time="2.907"/>
  <testcase classname="Tests.Regression_Suit" name="online_verify_all_active_skus_from_file" time="5.202"/>
  <testcase classname="Tests.Regression_Suit" name="online_verify_all_inactive_skus_from_file" time="10.565"/>
  <testcase classname="Tests.Regression_Suit" name="online_verify_search_by_sku_name_and_id" time="24.687"/>
  <testcase classname="Tests.Regression_Suit" name="online_verify_search_by_sku_id" time="24.477"/>
  <testcase classname="Tests.Regression_Suit" name="online_verify_search_by_sku_name" time="31.914"/>
  <testcase classname="Tests.Regression_Suit" name="online_click_add_competitor_sku_verify_popup" time="1.906"/>
  <testcase classname="Tests.Regression_Suit" name="online_click_cancel_popup" time="3.398"/>
  <testcase classname="Tests.Regression_Suit" name="online_verify_online_selection" time="1.384"/>
  <testcase classname="Tests.Regression_Suit" name="online_add_online_competitor_sku_match_valid_url" time="2.746"/>
  <testcase classname="Tests.Regression_Suit" name="online_verify_online_match_added" time="4.965"/>
  <testcase classname="Tests.Regression_Suit" name="online_add_online_competitor_sku_invalid_url" time="0.71"/>
  <testcase classname="Tests.Regression_Suit" name="online_verify_add_sku_btn_disable_on_popup_display" time="1.881"/>
  <testcase classname="Tests.Regression_Suit" name="online_verify_add_sku_btn_disable_on_competitor_select" time="1.53"/>
  <testcase classname="Tests.Regression_Suit" name="online_verify_add_sku_btn_disable_on_add_url" time="1.506"/>
  <testcase classname="Tests.Regression_Suit" name="online_verify_offline_selection" time="1.361"/>
  <testcase classname="Tests.Regression_Suit" name="online_add_offline_competitor_sku_match_valid_data_verify_button_disabled_on_sku_name" time="1.429"/>
  <testcase classname="Tests.Regression_Suit" name="online_add_offline_competitor_sku_match_valid_data_verify_button_disabled_on_sku_name_and_competitor_name" time="1.484"/>
  <testcase classname="Tests.Regression_Suit" name="online_add_offline_competitor_sku_match_valid_data_verify_button_disabled_on_sku_name_and_competitor_name_and_price" time="1.644"/>
  <testcase classname="Tests.Regression_Suit" name="online_add_offline_competitor_sku_match_valid_data_verify_button_disabled_on_sku_name_and_competitor_name_and_l1_category" time="1.539"/>
  <testcase classname="Tests.Regression_Suit" name="online_add_offline_competitor_sku_match_valid_data_verify_button_enabled" time="1.96"/>
  <testcase classname="Tests.Regression_Suit" name="online_add_offline_competitor_sku_match_valid_data_click_add_sku_button" time="2.2"/>
  <testcase classname="Tests.Regression_Suit" name="online_verify_offline_competitor_sku_match_added_verify_competitor_sku" time="3.865"/>
  <testcase classname="Tests.Regression_Suit" name="online_verify_offline_competitor_sku_match_added_verify_competitor_name" time="1.383"/>
  <testcase classname="Tests.Regression_Suit" name="online_verify_offline_competitor_sku_match_added_verify_competitor_price" time="2.935"/>
  <testcase classname="Tests.Regression_Suit" name="online_verify_offline_competitor_sku_match_added_verify_competitor_category" time="1.414"/>
  <testcase classname="Tests.Regression_Suit" name="online_verify_database_tab_selection" time="1.463"/>
  <testcase classname="Tests.Regression_Suit" name="online_verify_database_tab_add_btn_disabled" time="1.921"/>
  <testcase classname="Tests.Regression_Suit" name="online_verify_search_btn_disabled" time="1.419"/>
  <testcase classname="Tests.Regression_Suit" name="online_verify_cancel_icon_database_tab" time="3.678"/>
  <testcase classname="Tests.Regression_Suit" name="online_verify_cancel_button_database_tab" time="4.077"/>
  <testcase classname="Tests.Regression_Suit" name="online_verify_search_btn_enabled_on_filter_selection" time="1.874"/>
  <testcase classname="Tests.Regression_Suit" name="online_verify_filter_competitor_name" time="2.508"/>
  <testcase classname="Tests.Regression_Suit" name="online_verify_data_on_filter_by_chaldal_database_tab" time="5.74"/>
  <testcase classname="Tests.Regression_Suit" name="online_verify_data_on_filter_by_pandamart_database_tab" time="7.116"/>
  <testcase classname="Tests.Regression_Suit" name="online_verify_data_on_filter_by_pickaboo_database_tab" time="5.685"/>
  <testcase classname="Tests.Regression_Suit" name="online_verify_data_on_filter_by_shajgoj_database_tab" time="6.378"/>
  <testcase classname="Tests.Regression_Suit" name="online_search_sku_name_against_competitor_database_tab" time="12.474"/>
  <testcase classname="Tests.Regression_Suit" name="online_add_match_database_tab" time="3.649"/>
  <testcase classname="Tests.Regression_Suit" name="online_verify_database_match_added" time="2.972"/>
  <testcase classname="Tests.Regression_Suit" name="online_download_file_task_details" time="3.406">
    <failure type="java.nio.file.NoSuchFileException" message="/home/qaautomation/Downloads">
      <![CDATA[java.nio.file.NoSuchFileException: /home/qaautomation/Downloads
at java.base/sun.nio.fs.UnixException.translateToIOException(UnixException.java:92)
at java.base/sun.nio.fs.UnixException.rethrowAsIOException(UnixException.java:106)
at java.base/sun.nio.fs.UnixException.rethrowAsIOException(UnixException.java:111)
at java.base/sun.nio.fs.UnixFileSystemProvider.newDirectoryStream(UnixFileSystemProvider.java:420)
at java.base/java.nio.file.Files.newDirectoryStream(Files.java:482)
at java.base/java.nio.file.Files.list(Files.java:3791)
at Pages.SKUMatchingPage.download_file_task_details(SKUMatchingPage.java:1192)
at Tests.Regression_Suit.online_download_file_task_details(Regression_Suit.java:728)
... Removed 28 stack frames]]>
    </failure>
  </testcase> <!-- online_download_file_task_details -->
  <testcase classname="Tests.Regression_Suit" name="online_verify_view_matched_item_data" time="1.147"/>
  <testcase classname="Tests.Regression_Suit" name="online_mark_inaccurate" time="4.338"/>
  <testcase classname="Tests.Regression_Suit" name="online_mark_verified" time="8.383"/>
  <testcase classname="Tests.Regression_Suit" name="online_verify_mark_inaccurate_dropdown" time="3.685"/>
  <testcase classname="Tests.Regression_Suit" name="click_SKUMatching_module3" time="0.338"/>
  <testcase classname="Tests.Regression_Suit" name="upload_offline_match_valid_file_click_cancel_button" time="10.64"/>
  <testcase classname="Tests.Regression_Suit" name="upload_offline_match_valid_file_click_upload" time="61.842">
    <failure type="org.openqa.selenium.TimeoutException" message="Expected condition failed: waiting for visibility of Proxy element for: DefaultElementLocator &amp;apos;By.cssSelector: div.alert.fade.show&amp;apos; (tried for 60 second(s) with 500 milliseconds interval)">
      <![CDATA[org.openqa.selenium.TimeoutException: Expected condition failed: waiting for visibility of Proxy element for: DefaultElementLocator 'By.cssSelector: div.alert.fade.show' (tried for 60 second(s) with 500 milliseconds interval)
at org.openqa.selenium.support.ui.WebDriverWait.timeoutException(WebDriverWait.java:84)
at org.openqa.selenium.support.ui.FluentWait.until(FluentWait.java:230)
at Pages.SKUMatchingPage.upload_offline_match_valid_file_click_upload(SKUMatchingPage.java:1773)
at Tests.Regression_Suit.upload_offline_match_valid_file_click_upload(Regression_Suit.java:773)
Caused by: org.openqa.selenium.NoSuchElementException: no such element: Unable to locate element: {"method":"css selector","selector":"div.alert.fade.show"}
  (Session info: headless chrome=110.0.5481.177)
For documentation on this error, please visit: https://www.selenium.dev/documentation/webdriver/troubleshooting/errors#no-such-element-exception
Build info: version: '4.10.0', revision: 'c14d967899'
System info: os.name: 'Mac OS X', os.arch: 'aarch64', os.version: '13.5.1', java.version: '19.0.1'
Driver info: org.openqa.selenium.chrome.ChromeDriver
Command: [746302c38a1ab8bb049f9d9d78b93d68, findElement {using=css selector, value=div.alert.fade.show}]
Capabilities {acceptInsecureCerts: false, browserName: chrome, browserVersion: 110.0.5481.177, chrome: {chromedriverVersion: 110.0.5481.77 (65ed616c6e8e..., userDataDir: /var/folders/cn/t8j6szvx4_n...}, goog:chromeOptions: {debuggerAddress: localhost:52036}, networkConnectionEnabled: false, pageLoadStrategy: normal, platformName: mac, proxy: Proxy(), setWindowRect: true, strictFileInteractability: false, timeouts: {implicit: 0, pageLoad: 300000, script: 30000}, unhandledPromptBehavior: dismiss and notify, webauthn:extension:credBlob: true, webauthn:extension:largeBlob: true, webauthn:virtualAuthenticators: true}
Session ID: 746302c38a1ab8bb049f9d9d78b93d68
at org.openqa.selenium.remote.codec.w3c.W3CHttpResponseCodec.createException(W3CHttpResponseCodec.java:199)
at org.openqa.selenium.remote.codec.w3c.W3CHttpResponseCodec.decode(W3CHttpResponseCodec.java:132)
at org.openqa.selenium.remote.codec.w3c.W3CHttpResponseCodec.decode(W3CHttpResponseCodec.java:51)
at org.openqa.selenium.remote.HttpCommandExecutor.execute(HttpCommandExecutor.java:191)
at org.openqa.selenium.remote.service.DriverCommandExecutor.invokeExecute(DriverCommandExecutor.java:196)
at org.openqa.selenium.remote.service.DriverCommandExecutor.execute(DriverCommandExecutor.java:171)
at org.openqa.selenium.remote.RemoteWebDriver.execute(RemoteWebDriver.java:531)
at org.openqa.selenium.remote.ElementLocation$ElementFinder$2.findElement(ElementLocation.java:165)
at org.openqa.selenium.remote.ElementLocation.findElement(ElementLocation.java:59)
at org.openqa.selenium.remote.RemoteWebDriver.findElement(RemoteWebDriver.java:350)
at org.openqa.selenium.remote.RemoteWebDriver.findElement(RemoteWebDriver.java:344)
at org.openqa.selenium.support.pagefactory.DefaultElementLocator.findElement(DefaultElementLocator.java:68)
at org.openqa.selenium.support.pagefactory.internal.LocatingElementHandler.invoke(LocatingElementHandler.java:38)
at jdk.proxy2/jdk.proxy2.$Proxy18.isDisplayed(Unknown Source)
at org.openqa.selenium.support.ui.ExpectedConditions.elementIfVisible(ExpectedConditions.java:304)
at org.openqa.selenium.support.ui.ExpectedConditions.access$000(ExpectedConditions.java:37)
at org.openqa.selenium.support.ui.ExpectedConditions$10.apply(ExpectedConditions.java:290)
at org.openqa.selenium.support.ui.ExpectedConditions$10.apply(ExpectedConditions.java:287)
at org.openqa.selenium.support.ui.FluentWait.until(FluentWait.java:205)
... 30 more
... Removed 31 stack frames]]>
    </failure>
  </testcase> <!-- upload_offline_match_valid_file_click_upload -->
  <testcase classname="Tests.Regression_Suit" name="upload_offline_match_valid_file_click_cancel_icon" time="5.956"/>
  <testcase classname="Tests.Regression_Suit" name="upload_offline_match_without_file" time="0.661"/>
  <testcase classname="Tests.Regression_Suit" name="upload_offline_match_invalid_excel_file" time="0.17"/>
  <testcase classname="Tests.Regression_Suit" name="upload_offline_match_invalid_image_file" time="8.51"/>
  <testcase classname="Tests.Regression_Suit" name="download_templete_offline_matches" time="2.545">
    <failure type="java.nio.file.NoSuchFileException" message="/home/qaautomation/Downloads">
      <![CDATA[java.nio.file.NoSuchFileException: /home/qaautomation/Downloads
at java.base/sun.nio.fs.UnixException.translateToIOException(UnixException.java:92)
at java.base/sun.nio.fs.UnixException.rethrowAsIOException(UnixException.java:106)
at java.base/sun.nio.fs.UnixException.rethrowAsIOException(UnixException.java:111)
at java.base/sun.nio.fs.UnixFileSystemProvider.newDirectoryStream(UnixFileSystemProvider.java:420)
at java.base/java.nio.file.Files.newDirectoryStream(Files.java:482)
at java.base/java.nio.file.Files.list(Files.java:3791)
at Pages.SKUMatchingPage.download_templete_offline_matches(SKUMatchingPage.java:1860)
at Tests.Regression_Suit.download_templete_offline_matches(Regression_Suit.java:793)
... Removed 28 stack frames]]>
    </failure>
  </testcase> <!-- download_templete_offline_matches -->
  <testcase classname="Tests.Regression_Suit" name="offline_get_task_data" time="14.164">
    <failure type="java.text.ParseException" message="Unparseable date: &amp;quot;Wed, 20 Sep 2023 20:40:53 GMT&amp;quot;">
      <![CDATA[java.text.ParseException: Unparseable date: "Wed, 20 Sep 2023 20:40:53 GMT"
at java.base/java.text.DateFormat.parse(DateFormat.java:399)
at Pages.SKUMatchingPage.get_task_data(SKUMatchingPage.java:235)
at Tests.Regression_Suit.offline_get_task_data(Regression_Suit.java:797)
... Removed 28 stack frames]]>
    </failure>
  </testcase> <!-- offline_get_task_data -->
  <testcase classname="Tests.Regression_Suit" name="offline_click_task_details" time="2.881"/>
  <testcase classname="Tests.Regression_Suit" name="offline_verify_all_active_skus_from_file" time="4.969"/>
  <testcase classname="Tests.Regression_Suit" name="offline_verify_all_inactive_skus_from_file" time="10.63"/>
  <testcase classname="Tests.Regression_Suit" name="offline_verify_search_by_sku_name_and_id" time="24.011"/>
  <testcase classname="Tests.Regression_Suit" name="offline_verify_search_by_sku_id" time="24.18"/>
  <testcase classname="Tests.Regression_Suit" name="offline_verify_search_by_sku_name" time="31.808"/>
  <testcase classname="Tests.Regression_Suit" name="offline_click_add_competitor_sku_verify_popup" time="1.58"/>
  <testcase classname="Tests.Regression_Suit" name="offline_click_cancel_popup" time="3.431"/>
  <testcase classname="Tests.Regression_Suit" name="offline_verify_online_selection" time="1.397"/>
  <testcase classname="Tests.Regression_Suit" name="offline_add_online_competitor_sku_match_valid_url" time="2.138"/>
  <testcase classname="Tests.Regression_Suit" name="offline_verify_online_match_added" time="5.015"/>
  <testcase classname="Tests.Regression_Suit" name="offline_add_online_competitor_sku_invalid_url" time="2.116"/>
  <testcase classname="Tests.Regression_Suit" name="offline_verify_add_sku_btn_disable_on_popup_display" time="1.329"/>
  <testcase classname="Tests.Regression_Suit" name="offline_verify_add_sku_btn_disable_on_competitor_select" time="1.377"/>
  <testcase classname="Tests.Regression_Suit" name="offline_verify_add_sku_btn_disable_on_add_url" time="1.481"/>
  <testcase classname="Tests.Regression_Suit" name="offline_verify_offline_selection" time="1.646"/>
  <testcase classname="Tests.Regression_Suit" name="offline_add_offline_competitor_sku_match_valid_data_verify_button_disabled_on_sku_name" time="1.434"/>
  <testcase classname="Tests.Regression_Suit" name="offline_add_offline_competitor_sku_match_valid_data_verify_button_disabled_on_sku_name_and_competitor_name" time="1.506"/>
  <testcase classname="Tests.Regression_Suit" name="offline_add_offline_competitor_sku_match_valid_data_verify_button_disabled_on_sku_name_and_competitor_name_and_price" time="1.582"/>
  <testcase classname="Tests.Regression_Suit" name="offline_add_offline_competitor_sku_match_valid_data_verify_button_disabled_on_sku_name_and_competitor_name_and_l1_category" time="1.55"/>
  <testcase classname="Tests.Regression_Suit" name="offline_add_offline_competitor_sku_match_valid_data_verify_button_enabled" time="1.573"/>
  <testcase classname="Tests.Regression_Suit" name="offline_add_offline_competitor_sku_match_valid_data_click_add_sku_button" time="2.128"/>
  <testcase classname="Tests.Regression_Suit" name="offline_verify_offline_competitor_sku_match_added_verify_competitor_sku" time="3.873"/>
  <testcase classname="Tests.Regression_Suit" name="offline_verify_offline_competitor_sku_match_added_verify_competitor_name" time="1.385"/>
  <testcase classname="Tests.Regression_Suit" name="offline_verify_offline_competitor_sku_match_added_verify_competitor_price" time="2.847"/>
  <testcase classname="Tests.Regression_Suit" name="offline_verify_offline_competitor_sku_match_added_verify_competitor_category" time="1.398"/>
  <testcase classname="Tests.Regression_Suit" name="offline_verify_database_tab_selection" time="1.39"/>
  <testcase classname="Tests.Regression_Suit" name="offline_verify_database_tab_add_btn_disabled" time="1.958"/>
  <testcase classname="Tests.Regression_Suit" name="offline_verify_search_btn_disabled" time="1.401"/>
  <testcase classname="Tests.Regression_Suit" name="offline_verify_cancel_icon_database_tab" time="3.806"/>
  <testcase classname="Tests.Regression_Suit" name="offline_verify_cancel_button_database_tab" time="4.501"/>
  <testcase classname="Tests.Regression_Suit" name="offline_verify_search_btn_enabled_on_filter_selection" time="1.647"/>
  <testcase classname="Tests.Regression_Suit" name="offline_verify_filter_competitor_name" time="1.369"/>
  <testcase classname="Tests.Regression_Suit" name="offline_verify_data_on_filter_by_chaldal_database_tab" time="5.601"/>
  <testcase classname="Tests.Regression_Suit" name="offline_verify_data_on_filter_by_pandamart_database_tab" time="6.43"/>
  <testcase classname="Tests.Regression_Suit" name="offline_verify_data_on_filter_by_pickaboo_database_tab" time="6.118"/>
  <testcase classname="Tests.Regression_Suit" name="offline_verify_data_on_filter_by_shajgoj_database_tab" time="6.354"/>
  <testcase classname="Tests.Regression_Suit" name="offline_search_sku_name_against_competitor_database_tab" time="12.304"/>
  <testcase classname="Tests.Regression_Suit" name="offline_add_match_database_tab" time="3.519"/>
  <testcase classname="Tests.Regression_Suit" name="offline_verify_database_match_added" time="1.519"/>
  <testcase classname="Tests.Regression_Suit" name="offline_label_user" time="2.06">
    <failure type="java.lang.AssertionError" message="expected [Chaldal_bdPandaMartPickaboo_bdShajgojStartech_BDtest competitor] but found [Tech Team]">
      <![CDATA[java.lang.AssertionError: expected [Chaldal_bdPandaMartPickaboo_bdShajgojStartech_BDtest competitor] but found [Tech Team]
at Pages.SKUMatchingPage.label_user(SKUMatchingPage.java:1164)
at Tests.Regression_Suit.offline_label_user(Regression_Suit.java:995)
... Removed 34 stack frames]]>
    </failure>
  </testcase> <!-- offline_label_user -->
  <testcase classname="Tests.Regression_Suit" name="offline_label_created_time" time="0.031">
    <failure type="java.text.ParseException" message="Unparseable date: &amp;quot;Tech Team&amp;quot;">
      <![CDATA[java.text.ParseException: Unparseable date: "Tech Team"
at java.base/java.text.DateFormat.parse(DateFormat.java:399)
at Pages.SKUMatchingPage.label_created_time(SKUMatchingPage.java:1171)
at Tests.Regression_Suit.offline_label_created_time(Regression_Suit.java:998)
... Removed 28 stack frames]]>
    </failure>
  </testcase> <!-- offline_label_created_time -->
  <testcase classname="Tests.Regression_Suit" name="offline_download_file_task_details" time="2.769">
    <failure type="java.nio.file.NoSuchFileException" message="/home/qaautomation/Downloads">
      <![CDATA[java.nio.file.NoSuchFileException: /home/qaautomation/Downloads
at java.base/sun.nio.fs.UnixException.translateToIOException(UnixException.java:92)
at java.base/sun.nio.fs.UnixException.rethrowAsIOException(UnixException.java:106)
at java.base/sun.nio.fs.UnixException.rethrowAsIOException(UnixException.java:111)
at java.base/sun.nio.fs.UnixFileSystemProvider.newDirectoryStream(UnixFileSystemProvider.java:420)
at java.base/java.nio.file.Files.newDirectoryStream(Files.java:482)
at java.base/java.nio.file.Files.list(Files.java:3791)
at Pages.SKUMatchingPage.download_file_task_details(SKUMatchingPage.java:1192)
at Tests.Regression_Suit.offline_download_file_task_details(Regression_Suit.java:1001)
... Removed 28 stack frames]]>
    </failure>
  </testcase> <!-- offline_download_file_task_details -->
  <testcase classname="Tests.Regression_Suit" name="offline_verify_view_matched_item_data" time="1.247"/>
  <testcase classname="Tests.Regression_Suit" name="offline_mark_inaccurate" time="4.387"/>
  <testcase classname="Tests.Regression_Suit" name="offline_mark_verified" time="6.824"/>
  <testcase classname="Tests.Regression_Suit" name="offline_verify_mark_inaccurate_dropdown" time="3.632"/>
  <testcase classname="Tests.Regression_Suit" name="click_daraz_pricing_database_module" time="9.162"/>
  <testcase classname="Tests.Regression_Suit" name="get_sku_id" time="1.079"/>
  <testcase classname="Tests.Regression_Suit" name="verify_search_sku_name_lower_case" time="99.386"/>
  <testcase classname="Tests.Regression_Suit" name="verify_search_sku_name_upper_case" time="99.163"/>
  <testcase classname="Tests.Regression_Suit" name="verify_search_sku_id_and_name" time="22.615"/>
  <testcase classname="Tests.Regression_Suit" name="verify_search_sku_id" time="18.519"/>
  <testcase classname="Tests.Regression_Suit" name="filter_verify_option" time="0.029"/>
  <testcase classname="Tests.Regression_Suit" name="filter_by_defualt_option_all" time="9.44"/>
  <testcase classname="Tests.Regression_Suit" name="filter_by_higher_than" time="16.783"/>
  <testcase classname="Tests.Regression_Suit" name="filter_by_lower_than" time="16.818"/>
  <testcase classname="Tests.Regression_Suit" name="dpd_verify_view_matched_item_data" time="2.446"/>
  <testcase classname="Tests.Regression_Suit" name="dpd_verify_view_matched_item_data_7th_row" time="2.376"/>
  <testcase classname="Tests.Regression_Suit" name="dpdp_mark_inaccurate" time="4.823"/>
  <testcase classname="Tests.Regression_Suit" name="dpdp_mark_verified" time="68.188">
    <failure type="org.openqa.selenium.TimeoutException" message="Expected condition failed: waiting for visibility of [[ChromeDriver: chrome on mac (746302c38a1ab8bb049f9d9d78b93d68)] -&amp;gt; css selector: table.table.table-striped.table-hover tbody tr:nth-child(1) td:nth-child(9) p.reason] (tried for 60 second(s) with 500 milliseconds interval)
Build info: version: &amp;apos;4.10.0&amp;apos;, revision: &amp;apos;c14d967899&amp;apos;
System info: os.name: &amp;apos;Mac OS X&amp;apos;, os.arch: &amp;apos;aarch64&amp;apos;, os.version: &amp;apos;13.5.1&amp;apos;, java.version: &amp;apos;19.0.1&amp;apos;
Driver info: org.openqa.selenium.chrome.ChromeDriver
Capabilities {acceptInsecureCerts: false, browserName: chrome, browserVersion: 110.0.5481.177, chrome: {chromedriverVersion: 110.0.5481.77 (65ed616c6e8e..., userDataDir: /var/folders/cn/t8j6szvx4_n...}, goog:chromeOptions: {debuggerAddress: localhost:52036}, networkConnectionEnabled: false, pageLoadStrategy: normal, platformName: mac, proxy: Proxy(), setWindowRect: true, strictFileInteractability: false, timeouts: {implicit: 0, pageLoad: 300000, script: 30000}, unhandledPromptBehavior: dismiss and notify, webauthn:extension:credBlob: true, webauthn:extension:largeBlob: true, webauthn:virtualAuthenticators: true}
Session ID: 746302c38a1ab8bb049f9d9d78b93d68">
      <![CDATA[org.openqa.selenium.TimeoutException: Expected condition failed: waiting for visibility of [[ChromeDriver: chrome on mac (746302c38a1ab8bb049f9d9d78b93d68)] -> css selector: table.table.table-striped.table-hover tbody tr:nth-child(1) td:nth-child(9) p.reason] (tried for 60 second(s) with 500 milliseconds interval)
Build info: version: '4.10.0', revision: 'c14d967899'
System info: os.name: 'Mac OS X', os.arch: 'aarch64', os.version: '13.5.1', java.version: '19.0.1'
Driver info: org.openqa.selenium.chrome.ChromeDriver
Capabilities {acceptInsecureCerts: false, browserName: chrome, browserVersion: 110.0.5481.177, chrome: {chromedriverVersion: 110.0.5481.77 (65ed616c6e8e..., userDataDir: /var/folders/cn/t8j6szvx4_n...}, goog:chromeOptions: {debuggerAddress: localhost:52036}, networkConnectionEnabled: false, pageLoadStrategy: normal, platformName: mac, proxy: Proxy(), setWindowRect: true, strictFileInteractability: false, timeouts: {implicit: 0, pageLoad: 300000, script: 30000}, unhandledPromptBehavior: dismiss and notify, webauthn:extension:credBlob: true, webauthn:extension:largeBlob: true, webauthn:virtualAuthenticators: true}
Session ID: 746302c38a1ab8bb049f9d9d78b93d68
at org.openqa.selenium.support.ui.WebDriverWait.timeoutException(WebDriverWait.java:84)
at org.openqa.selenium.support.ui.FluentWait.until(FluentWait.java:230)
at Pages.DarazPricingDatabasePage.mark_verified(DarazPricingDatabasePage.java:290)
at Tests.Regression_Suit.dpdp_mark_verified(Regression_Suit.java:1076)
... Removed 28 stack frames]]>
    </failure>
  </testcase> <!-- dpdp_mark_verified -->
  <testcase classname="Tests.Regression_Suit" name="dpdp_verify_mark_inaccurate_dropdown" time="2.611">
    <failure type="org.openqa.selenium.NoSuchElementException" message="no such element: Unable to locate element: {&amp;quot;method&amp;quot;:&amp;quot;xpath&amp;quot;,&amp;quot;selector&amp;quot;:&amp;quot;//ul[@class=&amp;apos;nav nav-tabs nav-pills&amp;apos;]/li/a[contains(text(),&amp;apos;Chaldal_bd&amp;apos;)]&amp;quot;}
  (Session info: headless chrome=110.0.5481.177)
For documentation on this error, please visit: https://www.selenium.dev/documentation/webdriver/troubleshooting/errors#no-such-element-exception
Build info: version: &amp;apos;4.10.0&amp;apos;, revision: &amp;apos;c14d967899&amp;apos;
System info: os.name: &amp;apos;Mac OS X&amp;apos;, os.arch: &amp;apos;aarch64&amp;apos;, os.version: &amp;apos;13.5.1&amp;apos;, java.version: &amp;apos;19.0.1&amp;apos;
Driver info: org.openqa.selenium.chrome.ChromeDriver
Command: [746302c38a1ab8bb049f9d9d78b93d68, findElement {using=xpath, value=//ul[@class=&amp;apos;nav nav-tabs nav-pills&amp;apos;]/li/a[contains(text(),&amp;apos;Chaldal_bd&amp;apos;)]}]
Capabilities {acceptInsecureCerts: false, browserName: chrome, browserVersion: 110.0.5481.177, chrome: {chromedriverVersion: 110.0.5481.77 (65ed616c6e8e..., userDataDir: /var/folders/cn/t8j6szvx4_n...}, goog:chromeOptions: {debuggerAddress: localhost:52036}, networkConnectionEnabled: false, pageLoadStrategy: normal, platformName: mac, proxy: Proxy(), setWindowRect: true, strictFileInteractability: false, timeouts: {implicit: 0, pageLoad: 300000, script: 30000}, unhandledPromptBehavior: dismiss and notify, webauthn:extension:credBlob: true, webauthn:extension:largeBlob: true, webauthn:virtualAuthenticators: true}
Session ID: 746302c38a1ab8bb049f9d9d78b93d68">
      <![CDATA[org.openqa.selenium.NoSuchElementException: no such element: Unable to locate element: {"method":"xpath","selector":"//ul[@class='nav nav-tabs nav-pills']/li/a[contains(text(),'Chaldal_bd')]"}
  (Session info: headless chrome=110.0.5481.177)
For documentation on this error, please visit: https://www.selenium.dev/documentation/webdriver/troubleshooting/errors#no-such-element-exception
Build info: version: '4.10.0', revision: 'c14d967899'
System info: os.name: 'Mac OS X', os.arch: 'aarch64', os.version: '13.5.1', java.version: '19.0.1'
Driver info: org.openqa.selenium.chrome.ChromeDriver
Command: [746302c38a1ab8bb049f9d9d78b93d68, findElement {using=xpath, value=//ul[@class='nav nav-tabs nav-pills']/li/a[contains(text(),'Chaldal_bd')]}]
Capabilities {acceptInsecureCerts: false, browserName: chrome, browserVersion: 110.0.5481.177, chrome: {chromedriverVersion: 110.0.5481.77 (65ed616c6e8e..., userDataDir: /var/folders/cn/t8j6szvx4_n...}, goog:chromeOptions: {debuggerAddress: localhost:52036}, networkConnectionEnabled: false, pageLoadStrategy: normal, platformName: mac, proxy: Proxy(), setWindowRect: true, strictFileInteractability: false, timeouts: {implicit: 0, pageLoad: 300000, script: 30000}, unhandledPromptBehavior: dismiss and notify, webauthn:extension:credBlob: true, webauthn:extension:largeBlob: true, webauthn:virtualAuthenticators: true}
Session ID: 746302c38a1ab8bb049f9d9d78b93d68
at org.openqa.selenium.remote.codec.w3c.W3CHttpResponseCodec.createException(W3CHttpResponseCodec.java:199)
at org.openqa.selenium.remote.codec.w3c.W3CHttpResponseCodec.decode(W3CHttpResponseCodec.java:132)
at org.openqa.selenium.remote.codec.w3c.W3CHttpResponseCodec.decode(W3CHttpResponseCodec.java:51)
at org.openqa.selenium.remote.HttpCommandExecutor.execute(HttpCommandExecutor.java:191)
at org.openqa.selenium.remote.service.DriverCommandExecutor.invokeExecute(DriverCommandExecutor.java:196)
at org.openqa.selenium.remote.service.DriverCommandExecutor.execute(DriverCommandExecutor.java:171)
at org.openqa.selenium.remote.RemoteWebDriver.execute(RemoteWebDriver.java:531)
at org.openqa.selenium.remote.ElementLocation$ElementFinder$2.findElement(ElementLocation.java:165)
at org.openqa.selenium.remote.ElementLocation.findElement(ElementLocation.java:59)
at org.openqa.selenium.remote.RemoteWebDriver.findElement(RemoteWebDriver.java:350)
at org.openqa.selenium.remote.RemoteWebDriver.findElement(RemoteWebDriver.java:344)
at Pages.DarazPricingDatabasePage.verify_mark_inaccurate_dropdown(DarazPricingDatabasePage.java:315)
at Tests.Regression_Suit.dpdp_verify_mark_inaccurate_dropdown(Regression_Suit.java:1079)
... Removed 31 stack frames]]>
    </failure>
  </testcase> <!-- dpdp_verify_mark_inaccurate_dropdown -->
</testsuite> <!-- Surefire test -->
