-------------------------------------------------------------------------------
Test set: Tests.Regression_Suit
-------------------------------------------------------------------------------
Tests run: 81, Failures: 3, Errors: 0, Skipped: 0, Time elapsed: 873.419 s <<< FAILURE! - in Tests.Regression_Suit
getandcomparedata(Tests.Regression_Suit)  Time elapsed: 59.314 s  <<< FAILURE!
java.lang.AssertionError: expected [387] but found [386]
	at Tests.Regression_Suit.getandcomparedata(Regression_Suit.java:191)

dpdp_add_online_competitor_sku_match_valid_url(Tests.Regression_Suit)  Time elapsed: 7.316 s  <<< FAILURE!
java.lang.AssertionError: 
The following asserts failed:
	expected [Scraping Process Started] but found [Error! Scraping Process Failed]
	at Tests.Regression_Suit.dpdp_add_online_competitor_sku_match_valid_url(Regression_Suit.java:1106)

verify_industry_filter(Tests.Regression_Suit)  Time elapsed: 0.093 s  <<< FAILURE!
java.lang.AssertionError: 
expected [All
GM
EL
FMCG
Fashion
Others
Digital Goods
Mobiles & Tablets
Kitchen & Dining] but found [All
Fashion
18
Digital Goods
Mobiles & Tablets
0.0
GM
FMCG
Kitchen & Dining
EL
Others]
	at Tests.Regression_Suit.verify_industry_filter(Regression_Suit.java:1290)

