<?xml version="1.0" encoding="UTF-8" ?>
<testsuite tests="2" failures="1" name="Tests.demo" time="107.229" errors="0" skipped="0">
  <properties>
[...]
</properties>
  <testcase classname="Tests.demo" name="verify_successful_login" time="83.437"/>
  <testcase classname="Tests.demo" name="click_skumatching_module" time="23.792">
    <failure message="expected [true] but found [false]" type="java.lang.AssertionError">java.lang.AssertionError: expected [true] but found [false]
	at org.testng.Assert.fail(Assert.java:96)
	at org.testng.Assert.failNotEquals(Assert.java:776)
	at org.testng.Assert.assertTrue(Assert.java:44)
	at org.testng.Assert.assertTrue(Assert.java:54)
	at Pages.DarazPricingDatabasePage.verify_search_sku_name_lower_case(DarazPricingDatabasePage.java:37)
	at Tests.demo.click_skumatching_module(demo.java:48)
</failure>
  </testcase>
</testsuite>