<?xml version="1.0" encoding="UTF-8" ?>
<testsuite tests="214" failures="91" name="Tests.Regression_Suit" time="2,536.434" errors="0" skipped="0">
  <properties>
[...]
</properties>
  <testcase classname="Tests.Regression_Suit" name="CheckLogin_Text" time="0.138"/>
  <testcase classname="Tests.Regression_Suit" name="Checklogo" time="0.046"/>
  <testcase classname="Tests.Regression_Suit" name="verifyfooter_text" time="0.024"/>
  <testcase classname="Tests.Regression_Suit" name="verify_case6" time="1.146"/>
  <testcase classname="Tests.Regression_Suit" name="verify_Case5" time="1.872"/>
  <testcase classname="Tests.Regression_Suit" name="verify_Case4" time="1.592"/>
  <testcase classname="Tests.Regression_Suit" name="verify_Case3" time="0.833"/>
  <testcase classname="Tests.Regression_Suit" name="Empty_Login_and_Verify_username_validation" time="0.248"/>
  <testcase classname="Tests.Regression_Suit" name="verify_sucessful_login" time="7.782"/>
  <testcase classname="Tests.Regression_Suit" name="change_venture_BD" time="7.438"/>
  <testcase classname="Tests.Regression_Suit" name="left_menu_scraper_selection" time="0.049"/>
  <testcase classname="Tests.Regression_Suit" name="verify_pagetitle" time="0.03"/>
  <testcase classname="Tests.Regression_Suit" name="get_table_data_before_job_start" time="42.868"/>
  <testcase classname="Tests.Regression_Suit" name="check_cancel_button" time="0.989"/>
  <testcase classname="Tests.Regression_Suit" name="Start_Scraping_Jobs" time="1.382"/>
  <testcase classname="Tests.Regression_Suit" name="Success_msg" time="1.071"/>
  <testcase classname="Tests.Regression_Suit" name="getandcomparedata" time="48.385"/>
  <testcase classname="Tests.Regression_Suit" name="verify_select20records" time="19.448"/>
  <testcase classname="Tests.Regression_Suit" name="verify_click_SKUMatching_module" time="0.853"/>
  <testcase classname="Tests.Regression_Suit" name="verify_Create_task_popup" time="2.187"/>
  <testcase classname="Tests.Regression_Suit" name="verify_create_task_popup_cancel_btn" time="3.981"/>
  <testcase classname="Tests.Regression_Suit" name="create_task_popup_cancel_icon" time="4.033"/>
  <testcase classname="Tests.Regression_Suit" name="verify_double_click_chaldal_remove_selection" time="6.121"/>
  <testcase classname="Tests.Regression_Suit" name="verify_check_single_competitor_selection" time="4.104"/>
  <testcase classname="Tests.Regression_Suit" name="verify_check_multiple_competitor_selection" time="3.887"/>
  <testcase classname="Tests.Regression_Suit" name="verify_Create_task_replace_file" time="4.428"/>
  <testcase classname="Tests.Regression_Suit" name="download_create_task_templete" time="3.567"/>
  <testcase classname="Tests.Regression_Suit" name="verify_create_task" time="3.49"/>
  <testcase classname="Tests.Regression_Suit" name="verify_get_task_data" time="14.173"/>
  <testcase classname="Tests.Regression_Suit" name="verify_click_task_details" time="5.329"/>
  <testcase classname="Tests.Regression_Suit" name="label_competitor" time="3.172"/>
  <testcase classname="Tests.Regression_Suit" name="verify_sku_current_filter" time="0.051"/>
  <testcase classname="Tests.Regression_Suit" name="verify_matching_status_filter" time="0.037"/>
  <testcase classname="Tests.Regression_Suit" name="verify_all_active_skus_from_file" time="0.25">
    <failure message="/Users/farhanahmedsheikh/Documents/My Projects/untitled folder/myTestProject(Copy for process 2)/src/test/java/Pages/uploaded_file_skus.properties (No such file or directory)" type="java.io.FileNotFoundException">java.io.FileNotFoundException: /Users/farhanahmedsheikh/Documents/My Projects/untitled folder/myTestProject(Copy for process 2)/src/test/java/Pages/uploaded_file_skus.properties (No such file or directory)
	at java.base/java.io.FileInputStream.open0(Native Method)
	at java.base/java.io.FileInputStream.open(FileInputStream.java:219)
	at java.base/java.io.FileInputStream.&lt;init&gt;(FileInputStream.java:158)
	at java.base/java.io.FileInputStream.&lt;init&gt;(FileInputStream.java:112)
	at Pages.SKUMatchingPage.verify_all_active_skus_from_file(SKUMatchingPage.java:229)
	at Tests.Regression_Suit.verify_all_active_skus_from_file(Regression_Suit.java:244)
</failure>
  </testcase>
  <testcase classname="Tests.Regression_Suit" name="verify_all_inactive_skus_from_file" time="6.499">
    <failure message="/Users/farhanahmedsheikh/Documents/My Projects/untitled folder/myTestProject(Copy for process 2)/src/test/java/Pages/uploaded_file_skus.properties (No such file or directory)" type="java.io.FileNotFoundException">java.io.FileNotFoundException: /Users/farhanahmedsheikh/Documents/My Projects/untitled folder/myTestProject(Copy for process 2)/src/test/java/Pages/uploaded_file_skus.properties (No such file or directory)
	at java.base/java.io.FileInputStream.open0(Native Method)
	at java.base/java.io.FileInputStream.open(FileInputStream.java:219)
	at java.base/java.io.FileInputStream.&lt;init&gt;(FileInputStream.java:158)
	at java.base/java.io.FileInputStream.&lt;init&gt;(FileInputStream.java:112)
	at Pages.SKUMatchingPage.verify_all_inactive_skus_from_file(SKUMatchingPage.java:264)
	at Tests.Regression_Suit.verify_all_inactive_skus_from_file(Regression_Suit.java:249)
</failure>
  </testcase>
  <testcase classname="Tests.Regression_Suit" name="verify_all_active_inactive_skus_with_matched_daraz_skus" time="8.492"/>
  <testcase classname="Tests.Regression_Suit" name="verify_verified_active_inactive_skus_with_number_of_checked_matches" time="91.619"/>
  <testcase classname="Tests.Regression_Suit" name="verify_number_of_unchecked_matches" time="41.133"/>
  <testcase classname="Tests.Regression_Suit" name="verify_search_by_sku_name_and_id" time="22.033"/>
  <testcase classname="Tests.Regression_Suit" name="verify_search_by_sku_id" time="21.621"/>
  <testcase classname="Tests.Regression_Suit" name="verify_search_by_sku_name" time="29.068"/>
  <testcase classname="Tests.Regression_Suit" name="click_add_competitor_sku_verify_popup" time="2.965"/>
  <testcase classname="Tests.Regression_Suit" name="click_cancel_popup" time="4.903"/>
  <testcase classname="Tests.Regression_Suit" name="verify_online_selection" time="2.852"/>
  <testcase classname="Tests.Regression_Suit" name="add_online_competitor_sku_match_valid_url" time="5.324"/>
  <testcase classname="Tests.Regression_Suit" name="verify_online_match_added" time="3.006"/>
  <testcase classname="Tests.Regression_Suit" name="add_online_competitor_sku_invalid_url" time="3.639"/>
  <testcase classname="Tests.Regression_Suit" name="verify_add_sku_btn_disable_on_popup_display" time="2.865"/>
  <testcase classname="Tests.Regression_Suit" name="verify_add_sku_btn_disable_on_competitor_select" time="2.893"/>
  <testcase classname="Tests.Regression_Suit" name="verify_add_sku_btn_disable_on_add_url" time="3.502"/>
  <testcase classname="Tests.Regression_Suit" name="verify_offline_selection" time="2.916"/>
  <testcase classname="Tests.Regression_Suit" name="add_offline_competitor_sku_match_valid_data_verify_button_disabled_on_sku_name" time="2.903"/>
  <testcase classname="Tests.Regression_Suit" name="add_offline_competitor_sku_match_valid_data_verify_button_disabled_on_sku_name_and_competitor_name" time="3.035"/>
  <testcase classname="Tests.Regression_Suit" name="add_offline_competitor_sku_match_valid_data_verify_button_disabled_on_sku_name_and_competitor_name_and_price" time="3.758"/>
  <testcase classname="Tests.Regression_Suit" name="add_offline_competitor_sku_match_valid_data_verify_button_disabled_on_sku_name_and_competitor_name_and_l1_category" time="4.082">
    <failure message="element click intercepted: Element &lt;select class=&quot;form-control custom-select-sm&quot; name=&quot;category_id&quot;&gt;...&lt;/select&gt; is not clickable at point (194, 225). Other element would receive the click: &lt;div class=&quot;col-8&quot;&gt;...&lt;/div&gt;
  (Session info: chrome=110.0.5481.177)
Build info: version: &apos;3.141.59&apos;, revision: &apos;e82be7d358&apos;, time: &apos;2018-11-14T08:17:03&apos;
System info: host: &apos;ITOPSs-MacBook-Pro-3.local&apos;, ip: &apos;fe80:0:0:0:14ae:4bb5:e053:e16a%en0&apos;, os.name: &apos;Mac OS X&apos;, os.arch: &apos;aarch64&apos;, os.version: &apos;12.3&apos;, java.version: &apos;19.0.1&apos;
Driver info: org.openqa.selenium.chrome.ChromeDriver
Capabilities {acceptInsecureCerts: false, browserName: chrome, browserVersion: 110.0.5481.177, chrome: {chromedriverVersion: 110.0.5481.77 (65ed616c6e8e..., userDataDir: /var/folders/cn/t8j6szvx4_n...}, goog:chromeOptions: {debuggerAddress: localhost:51055}, javascriptEnabled: true, networkConnectionEnabled: false, pageLoadStrategy: normal, platform: MAC, platformName: MAC, proxy: Proxy(), setWindowRect: true, strictFileInteractability: false, timeouts: {implicit: 0, pageLoad: 300000, script: 30000}, unhandledPromptBehavior: dismiss and notify, webauthn:extension:credBlob: true, webauthn:extension:largeBlob: true, webauthn:virtualAuthenticators: true}
Session ID: c76c36f25819c43339798367d15e3cf1" type="org.openqa.selenium.ElementClickInterceptedException">org.openqa.selenium.ElementClickInterceptedException: element click intercepted: Element &lt;select class=&quot;form-control custom-select-sm&quot; name=&quot;category_id&quot;&gt;...&lt;/select&gt; is not clickable at point (194, 225). Other element would receive the click: &lt;div class=&quot;col-8&quot;&gt;...&lt;/div&gt;
  (Session info: chrome=110.0.5481.177)
Build info: version: &apos;3.141.59&apos;, revision: &apos;e82be7d358&apos;, time: &apos;2018-11-14T08:17:03&apos;
System info: host: &apos;ITOPSs-MacBook-Pro-3.local&apos;, ip: &apos;fe80:0:0:0:14ae:4bb5:e053:e16a%en0&apos;, os.name: &apos;Mac OS X&apos;, os.arch: &apos;aarch64&apos;, os.version: &apos;12.3&apos;, java.version: &apos;19.0.1&apos;
Driver info: org.openqa.selenium.chrome.ChromeDriver
Capabilities {acceptInsecureCerts: false, browserName: chrome, browserVersion: 110.0.5481.177, chrome: {chromedriverVersion: 110.0.5481.77 (65ed616c6e8e..., userDataDir: /var/folders/cn/t8j6szvx4_n...}, goog:chromeOptions: {debuggerAddress: localhost:51055}, javascriptEnabled: true, networkConnectionEnabled: false, pageLoadStrategy: normal, platform: MAC, platformName: MAC, proxy: Proxy(), setWindowRect: true, strictFileInteractability: false, timeouts: {implicit: 0, pageLoad: 300000, script: 30000}, unhandledPromptBehavior: dismiss and notify, webauthn:extension:credBlob: true, webauthn:extension:largeBlob: true, webauthn:virtualAuthenticators: true}
Session ID: c76c36f25819c43339798367d15e3cf1
	at java.base/jdk.internal.reflect.DirectConstructorHandleAccessor.newInstance(DirectConstructorHandleAccessor.java:67)
	at java.base/java.lang.reflect.Constructor.newInstanceWithCaller(Constructor.java:500)
	at java.base/java.lang.reflect.Constructor.newInstance(Constructor.java:484)
	at org.openqa.selenium.remote.http.W3CHttpResponseCodec.createException(W3CHttpResponseCodec.java:187)
	at org.openqa.selenium.remote.http.W3CHttpResponseCodec.decode(W3CHttpResponseCodec.java:122)
	at org.openqa.selenium.remote.http.W3CHttpResponseCodec.decode(W3CHttpResponseCodec.java:49)
	at org.openqa.selenium.remote.HttpCommandExecutor.execute(HttpCommandExecutor.java:158)
	at org.openqa.selenium.remote.service.DriverCommandExecutor.execute(DriverCommandExecutor.java:83)
	at org.openqa.selenium.remote.RemoteWebDriver.execute(RemoteWebDriver.java:552)
	at org.openqa.selenium.remote.RemoteWebElement.execute(RemoteWebElement.java:285)
	at org.openqa.selenium.remote.RemoteWebElement.click(RemoteWebElement.java:84)
	at java.base/jdk.internal.reflect.DirectMethodHandleAccessor.invoke(DirectMethodHandleAccessor.java:104)
	at java.base/java.lang.reflect.Method.invoke(Method.java:578)
	at org.openqa.selenium.support.pagefactory.internal.LocatingElementHandler.invoke(LocatingElementHandler.java:51)
	at jdk.proxy2/jdk.proxy2.$Proxy14.click(Unknown Source)
	at Pages.SKUMatchingPage.add_offline_competitor_sku_match_valid_data_verify_button_disabled_on_sku_name_and_competitor_name_and_l1_category(SKUMatchingPage.java:672)
	at Tests.Regression_Suit.add_offline_competitor_sku_match_valid_data_verify_button_disabled_on_sku_name_and_competitor_name_and_l1_category(Regression_Suit.java:332)
</failure>
  </testcase>
  <testcase classname="Tests.Regression_Suit" name="add_offline_competitor_sku_match_valid_data_verify_button_enabled" time="4.663">
    <failure message="element click intercepted: Element &lt;select class=&quot;form-control custom-select-sm&quot; name=&quot;category_id&quot;&gt;...&lt;/select&gt; is not clickable at point (194, 225). Other element would receive the click: &lt;div class=&quot;col-8&quot;&gt;...&lt;/div&gt;
  (Session info: chrome=110.0.5481.177)
Build info: version: &apos;3.141.59&apos;, revision: &apos;e82be7d358&apos;, time: &apos;2018-11-14T08:17:03&apos;
System info: host: &apos;ITOPSs-MacBook-Pro-3.local&apos;, ip: &apos;fe80:0:0:0:14ae:4bb5:e053:e16a%en0&apos;, os.name: &apos;Mac OS X&apos;, os.arch: &apos;aarch64&apos;, os.version: &apos;12.3&apos;, java.version: &apos;19.0.1&apos;
Driver info: org.openqa.selenium.chrome.ChromeDriver
Capabilities {acceptInsecureCerts: false, browserName: chrome, browserVersion: 110.0.5481.177, chrome: {chromedriverVersion: 110.0.5481.77 (65ed616c6e8e..., userDataDir: /var/folders/cn/t8j6szvx4_n...}, goog:chromeOptions: {debuggerAddress: localhost:51055}, javascriptEnabled: true, networkConnectionEnabled: false, pageLoadStrategy: normal, platform: MAC, platformName: MAC, proxy: Proxy(), setWindowRect: true, strictFileInteractability: false, timeouts: {implicit: 0, pageLoad: 300000, script: 30000}, unhandledPromptBehavior: dismiss and notify, webauthn:extension:credBlob: true, webauthn:extension:largeBlob: true, webauthn:virtualAuthenticators: true}
Session ID: c76c36f25819c43339798367d15e3cf1" type="org.openqa.selenium.ElementClickInterceptedException">org.openqa.selenium.ElementClickInterceptedException: element click intercepted: Element &lt;select class=&quot;form-control custom-select-sm&quot; name=&quot;category_id&quot;&gt;...&lt;/select&gt; is not clickable at point (194, 225). Other element would receive the click: &lt;div class=&quot;col-8&quot;&gt;...&lt;/div&gt;
  (Session info: chrome=110.0.5481.177)
Build info: version: &apos;3.141.59&apos;, revision: &apos;e82be7d358&apos;, time: &apos;2018-11-14T08:17:03&apos;
System info: host: &apos;ITOPSs-MacBook-Pro-3.local&apos;, ip: &apos;fe80:0:0:0:14ae:4bb5:e053:e16a%en0&apos;, os.name: &apos;Mac OS X&apos;, os.arch: &apos;aarch64&apos;, os.version: &apos;12.3&apos;, java.version: &apos;19.0.1&apos;
Driver info: org.openqa.selenium.chrome.ChromeDriver
Capabilities {acceptInsecureCerts: false, browserName: chrome, browserVersion: 110.0.5481.177, chrome: {chromedriverVersion: 110.0.5481.77 (65ed616c6e8e..., userDataDir: /var/folders/cn/t8j6szvx4_n...}, goog:chromeOptions: {debuggerAddress: localhost:51055}, javascriptEnabled: true, networkConnectionEnabled: false, pageLoadStrategy: normal, platform: MAC, platformName: MAC, proxy: Proxy(), setWindowRect: true, strictFileInteractability: false, timeouts: {implicit: 0, pageLoad: 300000, script: 30000}, unhandledPromptBehavior: dismiss and notify, webauthn:extension:credBlob: true, webauthn:extension:largeBlob: true, webauthn:virtualAuthenticators: true}
Session ID: c76c36f25819c43339798367d15e3cf1
	at java.base/jdk.internal.reflect.DirectConstructorHandleAccessor.newInstance(DirectConstructorHandleAccessor.java:67)
	at java.base/java.lang.reflect.Constructor.newInstanceWithCaller(Constructor.java:500)
	at java.base/java.lang.reflect.Constructor.newInstance(Constructor.java:484)
	at org.openqa.selenium.remote.http.W3CHttpResponseCodec.createException(W3CHttpResponseCodec.java:187)
	at org.openqa.selenium.remote.http.W3CHttpResponseCodec.decode(W3CHttpResponseCodec.java:122)
	at org.openqa.selenium.remote.http.W3CHttpResponseCodec.decode(W3CHttpResponseCodec.java:49)
	at org.openqa.selenium.remote.HttpCommandExecutor.execute(HttpCommandExecutor.java:158)
	at org.openqa.selenium.remote.service.DriverCommandExecutor.execute(DriverCommandExecutor.java:83)
	at org.openqa.selenium.remote.RemoteWebDriver.execute(RemoteWebDriver.java:552)
	at org.openqa.selenium.remote.RemoteWebElement.execute(RemoteWebElement.java:285)
	at org.openqa.selenium.remote.RemoteWebElement.click(RemoteWebElement.java:84)
	at java.base/jdk.internal.reflect.DirectMethodHandleAccessor.invoke(DirectMethodHandleAccessor.java:104)
	at java.base/java.lang.reflect.Method.invoke(Method.java:578)
	at org.openqa.selenium.support.pagefactory.internal.LocatingElementHandler.invoke(LocatingElementHandler.java:51)
	at jdk.proxy2/jdk.proxy2.$Proxy14.click(Unknown Source)
	at Pages.SKUMatchingPage.add_offline_competitor_sku_match_valid_data_verify_button_enabled(SKUMatchingPage.java:686)
	at Tests.Regression_Suit.add_offline_competitor_sku_match_valid_data_verify_button_enabled(Regression_Suit.java:336)
</failure>
  </testcase>
  <testcase classname="Tests.Regression_Suit" name="add_offline_competitor_sku_match_valid_data_click_add_sku_button" time="4.066">
    <failure message="element click intercepted: Element &lt;select class=&quot;form-control custom-select-sm&quot; name=&quot;category_id&quot;&gt;...&lt;/select&gt; is not clickable at point (194, 225). Other element would receive the click: &lt;div class=&quot;col-8&quot;&gt;...&lt;/div&gt;
  (Session info: chrome=110.0.5481.177)
Build info: version: &apos;3.141.59&apos;, revision: &apos;e82be7d358&apos;, time: &apos;2018-11-14T08:17:03&apos;
System info: host: &apos;ITOPSs-MacBook-Pro-3.local&apos;, ip: &apos;fe80:0:0:0:14ae:4bb5:e053:e16a%en0&apos;, os.name: &apos;Mac OS X&apos;, os.arch: &apos;aarch64&apos;, os.version: &apos;12.3&apos;, java.version: &apos;19.0.1&apos;
Driver info: org.openqa.selenium.chrome.ChromeDriver
Capabilities {acceptInsecureCerts: false, browserName: chrome, browserVersion: 110.0.5481.177, chrome: {chromedriverVersion: 110.0.5481.77 (65ed616c6e8e..., userDataDir: /var/folders/cn/t8j6szvx4_n...}, goog:chromeOptions: {debuggerAddress: localhost:51055}, javascriptEnabled: true, networkConnectionEnabled: false, pageLoadStrategy: normal, platform: MAC, platformName: MAC, proxy: Proxy(), setWindowRect: true, strictFileInteractability: false, timeouts: {implicit: 0, pageLoad: 300000, script: 30000}, unhandledPromptBehavior: dismiss and notify, webauthn:extension:credBlob: true, webauthn:extension:largeBlob: true, webauthn:virtualAuthenticators: true}
Session ID: c76c36f25819c43339798367d15e3cf1" type="org.openqa.selenium.ElementClickInterceptedException">org.openqa.selenium.ElementClickInterceptedException: element click intercepted: Element &lt;select class=&quot;form-control custom-select-sm&quot; name=&quot;category_id&quot;&gt;...&lt;/select&gt; is not clickable at point (194, 225). Other element would receive the click: &lt;div class=&quot;col-8&quot;&gt;...&lt;/div&gt;
  (Session info: chrome=110.0.5481.177)
Build info: version: &apos;3.141.59&apos;, revision: &apos;e82be7d358&apos;, time: &apos;2018-11-14T08:17:03&apos;
System info: host: &apos;ITOPSs-MacBook-Pro-3.local&apos;, ip: &apos;fe80:0:0:0:14ae:4bb5:e053:e16a%en0&apos;, os.name: &apos;Mac OS X&apos;, os.arch: &apos;aarch64&apos;, os.version: &apos;12.3&apos;, java.version: &apos;19.0.1&apos;
Driver info: org.openqa.selenium.chrome.ChromeDriver
Capabilities {acceptInsecureCerts: false, browserName: chrome, browserVersion: 110.0.5481.177, chrome: {chromedriverVersion: 110.0.5481.77 (65ed616c6e8e..., userDataDir: /var/folders/cn/t8j6szvx4_n...}, goog:chromeOptions: {debuggerAddress: localhost:51055}, javascriptEnabled: true, networkConnectionEnabled: false, pageLoadStrategy: normal, platform: MAC, platformName: MAC, proxy: Proxy(), setWindowRect: true, strictFileInteractability: false, timeouts: {implicit: 0, pageLoad: 300000, script: 30000}, unhandledPromptBehavior: dismiss and notify, webauthn:extension:credBlob: true, webauthn:extension:largeBlob: true, webauthn:virtualAuthenticators: true}
Session ID: c76c36f25819c43339798367d15e3cf1
	at java.base/jdk.internal.reflect.DirectConstructorHandleAccessor.newInstance(DirectConstructorHandleAccessor.java:67)
	at java.base/java.lang.reflect.Constructor.newInstanceWithCaller(Constructor.java:500)
	at java.base/java.lang.reflect.Constructor.newInstance(Constructor.java:484)
	at org.openqa.selenium.remote.http.W3CHttpResponseCodec.createException(W3CHttpResponseCodec.java:187)
	at org.openqa.selenium.remote.http.W3CHttpResponseCodec.decode(W3CHttpResponseCodec.java:122)
	at org.openqa.selenium.remote.http.W3CHttpResponseCodec.decode(W3CHttpResponseCodec.java:49)
	at org.openqa.selenium.remote.HttpCommandExecutor.execute(HttpCommandExecutor.java:158)
	at org.openqa.selenium.remote.service.DriverCommandExecutor.execute(DriverCommandExecutor.java:83)
	at org.openqa.selenium.remote.RemoteWebDriver.execute(RemoteWebDriver.java:552)
	at org.openqa.selenium.remote.RemoteWebElement.execute(RemoteWebElement.java:285)
	at org.openqa.selenium.remote.RemoteWebElement.click(RemoteWebElement.java:84)
	at java.base/jdk.internal.reflect.DirectMethodHandleAccessor.invoke(DirectMethodHandleAccessor.java:104)
	at java.base/java.lang.reflect.Method.invoke(Method.java:578)
	at org.openqa.selenium.support.pagefactory.internal.LocatingElementHandler.invoke(LocatingElementHandler.java:51)
	at jdk.proxy2/jdk.proxy2.$Proxy14.click(Unknown Source)
	at Pages.SKUMatchingPage.add_offline_competitor_sku_match_valid_data_click_add_sku_button(SKUMatchingPage.java:700)
	at Tests.Regression_Suit.add_offline_competitor_sku_match_valid_data_click_add_sku_button(Regression_Suit.java:340)
</failure>
  </testcase>
  <testcase classname="Tests.Regression_Suit" name="verify_offline_competitor_sku_match_added_verify_competitor_sku" time="65.601">
    <failure message="Expected condition failed: waiting for visibility of Proxy element for: DefaultElementLocator &apos;By.cssSelector: div.modal-content div.tab-pane.active div.table-responsive.competitor-products tbody td a.link.product-name&apos; (tried for 60 second(s) with 500 milliseconds interval)" type="org.openqa.selenium.TimeoutException">org.openqa.selenium.TimeoutException: Expected condition failed: waiting for visibility of Proxy element for: DefaultElementLocator &apos;By.cssSelector: div.modal-content div.tab-pane.active div.table-responsive.competitor-products tbody td a.link.product-name&apos; (tried for 60 second(s) with 500 milliseconds interval)
	at org.openqa.selenium.support.ui.WebDriverWait.timeoutException(WebDriverWait.java:95)
	at org.openqa.selenium.support.ui.FluentWait.until(FluentWait.java:272)
	at Pages.SKUMatchingPage.verify_offline_competitor_sku_match_added_verify_competitor_sku(SKUMatchingPage.java:713)
	at Tests.Regression_Suit.verify_offline_competitor_sku_match_added_verify_competitor_sku(Regression_Suit.java:344)
Caused by: org.openqa.selenium.NoSuchElementException: no such element: Unable to locate element: {&quot;method&quot;:&quot;css selector&quot;,&quot;selector&quot;:&quot;div.modal-content div.tab-pane.active div.table-responsive.competitor-products tbody td a.link.product-name&quot;}
  (Session info: chrome=110.0.5481.177)
For documentation on this error, please visit: https://www.seleniumhq.org/exceptions/no_such_element.html
Build info: version: &apos;3.141.59&apos;, revision: &apos;e82be7d358&apos;, time: &apos;2018-11-14T08:17:03&apos;
System info: host: &apos;ITOPSs-MacBook-Pro-3.local&apos;, ip: &apos;fe80:0:0:0:14ae:4bb5:e053:e16a%en0&apos;, os.name: &apos;Mac OS X&apos;, os.arch: &apos;aarch64&apos;, os.version: &apos;12.3&apos;, java.version: &apos;19.0.1&apos;
Driver info: org.openqa.selenium.chrome.ChromeDriver
Capabilities {acceptInsecureCerts: false, browserName: chrome, browserVersion: 110.0.5481.177, chrome: {chromedriverVersion: 110.0.5481.77 (65ed616c6e8e..., userDataDir: /var/folders/cn/t8j6szvx4_n...}, goog:chromeOptions: {debuggerAddress: localhost:51055}, javascriptEnabled: true, networkConnectionEnabled: false, pageLoadStrategy: normal, platform: MAC, platformName: MAC, proxy: Proxy(), setWindowRect: true, strictFileInteractability: false, timeouts: {implicit: 0, pageLoad: 300000, script: 30000}, unhandledPromptBehavior: dismiss and notify, webauthn:extension:credBlob: true, webauthn:extension:largeBlob: true, webauthn:virtualAuthenticators: true}
Session ID: c76c36f25819c43339798367d15e3cf1
*** Element info: {Using=css selector, value=div.modal-content div.tab-pane.active div.table-responsive.competitor-products tbody td a.link.product-name}
	at java.base/jdk.internal.reflect.DirectConstructorHandleAccessor.newInstance(DirectConstructorHandleAccessor.java:67)
	at java.base/java.lang.reflect.Constructor.newInstanceWithCaller(Constructor.java:500)
	at java.base/java.lang.reflect.Constructor.newInstance(Constructor.java:484)
	at org.openqa.selenium.remote.http.W3CHttpResponseCodec.createException(W3CHttpResponseCodec.java:187)
	at org.openqa.selenium.remote.http.W3CHttpResponseCodec.decode(W3CHttpResponseCodec.java:122)
	at org.openqa.selenium.remote.http.W3CHttpResponseCodec.decode(W3CHttpResponseCodec.java:49)
	at org.openqa.selenium.remote.HttpCommandExecutor.execute(HttpCommandExecutor.java:158)
	at org.openqa.selenium.remote.service.DriverCommandExecutor.execute(DriverCommandExecutor.java:83)
	at org.openqa.selenium.remote.RemoteWebDriver.execute(RemoteWebDriver.java:552)
	at org.openqa.selenium.remote.RemoteWebDriver.findElement(RemoteWebDriver.java:323)
	at org.openqa.selenium.remote.RemoteWebDriver.findElementByCssSelector(RemoteWebDriver.java:420)
	at org.openqa.selenium.By$ByCssSelector.findElement(By.java:431)
	at org.openqa.selenium.remote.RemoteWebDriver.findElement(RemoteWebDriver.java:315)
	at org.openqa.selenium.support.pagefactory.DefaultElementLocator.findElement(DefaultElementLocator.java:69)
	at org.openqa.selenium.support.pagefactory.internal.LocatingElementHandler.invoke(LocatingElementHandler.java:38)
	at jdk.proxy2/jdk.proxy2.$Proxy14.isDisplayed(Unknown Source)
	at org.openqa.selenium.support.ui.ExpectedConditions.elementIfVisible(ExpectedConditions.java:314)
	at org.openqa.selenium.support.ui.ExpectedConditions.access$000(ExpectedConditions.java:43)
	at org.openqa.selenium.support.ui.ExpectedConditions$10.apply(ExpectedConditions.java:300)
	at org.openqa.selenium.support.ui.ExpectedConditions$10.apply(ExpectedConditions.java:297)
	at org.openqa.selenium.support.ui.FluentWait.until(FluentWait.java:249)
	... 32 more
</failure>
  </testcase>
  <testcase classname="Tests.Regression_Suit" name="verify_offline_competitor_sku_match_added_verify_competitor_name" time="2.908">
    <failure message="no such element: Unable to locate element: {&quot;method&quot;:&quot;xpath&quot;,&quot;selector&quot;:&quot;//div[@class=&apos;modal-content&apos;]/div/div/div[@class=&apos;tab-content&apos;]/div[@class=&apos;tab-pane active&apos;]/div/table/tbody/tr/td/p[contains(text(),&apos;test competitor&apos;)]&quot;}
  (Session info: chrome=110.0.5481.177)
For documentation on this error, please visit: https://www.seleniumhq.org/exceptions/no_such_element.html
Build info: version: &apos;3.141.59&apos;, revision: &apos;e82be7d358&apos;, time: &apos;2018-11-14T08:17:03&apos;
System info: host: &apos;ITOPSs-MacBook-Pro-3.local&apos;, ip: &apos;fe80:0:0:0:14ae:4bb5:e053:e16a%en0&apos;, os.name: &apos;Mac OS X&apos;, os.arch: &apos;aarch64&apos;, os.version: &apos;12.3&apos;, java.version: &apos;19.0.1&apos;
Driver info: org.openqa.selenium.chrome.ChromeDriver
Capabilities {acceptInsecureCerts: false, browserName: chrome, browserVersion: 110.0.5481.177, chrome: {chromedriverVersion: 110.0.5481.77 (65ed616c6e8e..., userDataDir: /var/folders/cn/t8j6szvx4_n...}, goog:chromeOptions: {debuggerAddress: localhost:51055}, javascriptEnabled: true, networkConnectionEnabled: false, pageLoadStrategy: normal, platform: MAC, platformName: MAC, proxy: Proxy(), setWindowRect: true, strictFileInteractability: false, timeouts: {implicit: 0, pageLoad: 300000, script: 30000}, unhandledPromptBehavior: dismiss and notify, webauthn:extension:credBlob: true, webauthn:extension:largeBlob: true, webauthn:virtualAuthenticators: true}
Session ID: c76c36f25819c43339798367d15e3cf1
*** Element info: {Using=xpath, value=//div[@class=&apos;modal-content&apos;]/div/div/div[@class=&apos;tab-content&apos;]/div[@class=&apos;tab-pane active&apos;]/div/table/tbody/tr/td/p[contains(text(),&apos;test competitor&apos;)]}" type="org.openqa.selenium.NoSuchElementException">org.openqa.selenium.NoSuchElementException: no such element: Unable to locate element: {&quot;method&quot;:&quot;xpath&quot;,&quot;selector&quot;:&quot;//div[@class=&apos;modal-content&apos;]/div/div/div[@class=&apos;tab-content&apos;]/div[@class=&apos;tab-pane active&apos;]/div/table/tbody/tr/td/p[contains(text(),&apos;test competitor&apos;)]&quot;}
  (Session info: chrome=110.0.5481.177)
For documentation on this error, please visit: https://www.seleniumhq.org/exceptions/no_such_element.html
Build info: version: &apos;3.141.59&apos;, revision: &apos;e82be7d358&apos;, time: &apos;2018-11-14T08:17:03&apos;
System info: host: &apos;ITOPSs-MacBook-Pro-3.local&apos;, ip: &apos;fe80:0:0:0:14ae:4bb5:e053:e16a%en0&apos;, os.name: &apos;Mac OS X&apos;, os.arch: &apos;aarch64&apos;, os.version: &apos;12.3&apos;, java.version: &apos;19.0.1&apos;
Driver info: org.openqa.selenium.chrome.ChromeDriver
Capabilities {acceptInsecureCerts: false, browserName: chrome, browserVersion: 110.0.5481.177, chrome: {chromedriverVersion: 110.0.5481.77 (65ed616c6e8e..., userDataDir: /var/folders/cn/t8j6szvx4_n...}, goog:chromeOptions: {debuggerAddress: localhost:51055}, javascriptEnabled: true, networkConnectionEnabled: false, pageLoadStrategy: normal, platform: MAC, platformName: MAC, proxy: Proxy(), setWindowRect: true, strictFileInteractability: false, timeouts: {implicit: 0, pageLoad: 300000, script: 30000}, unhandledPromptBehavior: dismiss and notify, webauthn:extension:credBlob: true, webauthn:extension:largeBlob: true, webauthn:virtualAuthenticators: true}
Session ID: c76c36f25819c43339798367d15e3cf1
*** Element info: {Using=xpath, value=//div[@class=&apos;modal-content&apos;]/div/div/div[@class=&apos;tab-content&apos;]/div[@class=&apos;tab-pane active&apos;]/div/table/tbody/tr/td/p[contains(text(),&apos;test competitor&apos;)]}
	at java.base/jdk.internal.reflect.DirectConstructorHandleAccessor.newInstance(DirectConstructorHandleAccessor.java:67)
	at java.base/java.lang.reflect.Constructor.newInstanceWithCaller(Constructor.java:500)
	at java.base/java.lang.reflect.Constructor.newInstance(Constructor.java:484)
	at org.openqa.selenium.remote.http.W3CHttpResponseCodec.createException(W3CHttpResponseCodec.java:187)
	at org.openqa.selenium.remote.http.W3CHttpResponseCodec.decode(W3CHttpResponseCodec.java:122)
	at org.openqa.selenium.remote.http.W3CHttpResponseCodec.decode(W3CHttpResponseCodec.java:49)
	at org.openqa.selenium.remote.HttpCommandExecutor.execute(HttpCommandExecutor.java:158)
	at org.openqa.selenium.remote.service.DriverCommandExecutor.execute(DriverCommandExecutor.java:83)
	at org.openqa.selenium.remote.RemoteWebDriver.execute(RemoteWebDriver.java:552)
	at org.openqa.selenium.remote.RemoteWebDriver.findElement(RemoteWebDriver.java:323)
	at org.openqa.selenium.remote.RemoteWebDriver.findElementByXPath(RemoteWebDriver.java:428)
	at org.openqa.selenium.By$ByXPath.findElement(By.java:353)
	at org.openqa.selenium.remote.RemoteWebDriver.findElement(RemoteWebDriver.java:315)
	at org.openqa.selenium.support.pagefactory.DefaultElementLocator.findElement(DefaultElementLocator.java:69)
	at org.openqa.selenium.support.pagefactory.internal.LocatingElementHandler.invoke(LocatingElementHandler.java:38)
	at jdk.proxy2/jdk.proxy2.$Proxy14.getText(Unknown Source)
	at Pages.SKUMatchingPage.verify_offline_competitor_sku_match_added_verify_competitor_name(SKUMatchingPage.java:723)
	at Tests.Regression_Suit.verify_offline_competitor_sku_match_added_verify_competitor_name(Regression_Suit.java:348)
</failure>
  </testcase>
  <testcase classname="Tests.Regression_Suit" name="verify_offline_competitor_sku_match_added_verify_competitor_price" time="4.365">
    <failure message="no such element: Unable to locate element: {&quot;method&quot;:&quot;xpath&quot;,&quot;selector&quot;:&quot;//div[@class=&apos;modal-content&apos;]/div/div/div[@class=&apos;tab-content&apos;]/div[@class=&apos;tab-pane active&apos;]/div/table/tbody/tr/td/p/span[contains(text(),&apos;20&apos;)]&quot;}
  (Session info: chrome=110.0.5481.177)
For documentation on this error, please visit: https://www.seleniumhq.org/exceptions/no_such_element.html
Build info: version: &apos;3.141.59&apos;, revision: &apos;e82be7d358&apos;, time: &apos;2018-11-14T08:17:03&apos;
System info: host: &apos;ITOPSs-MacBook-Pro-3.local&apos;, ip: &apos;fe80:0:0:0:14ae:4bb5:e053:e16a%en0&apos;, os.name: &apos;Mac OS X&apos;, os.arch: &apos;aarch64&apos;, os.version: &apos;12.3&apos;, java.version: &apos;19.0.1&apos;
Driver info: org.openqa.selenium.chrome.ChromeDriver
Capabilities {acceptInsecureCerts: false, browserName: chrome, browserVersion: 110.0.5481.177, chrome: {chromedriverVersion: 110.0.5481.77 (65ed616c6e8e..., userDataDir: /var/folders/cn/t8j6szvx4_n...}, goog:chromeOptions: {debuggerAddress: localhost:51055}, javascriptEnabled: true, networkConnectionEnabled: false, pageLoadStrategy: normal, platform: MAC, platformName: MAC, proxy: Proxy(), setWindowRect: true, strictFileInteractability: false, timeouts: {implicit: 0, pageLoad: 300000, script: 30000}, unhandledPromptBehavior: dismiss and notify, webauthn:extension:credBlob: true, webauthn:extension:largeBlob: true, webauthn:virtualAuthenticators: true}
Session ID: c76c36f25819c43339798367d15e3cf1
*** Element info: {Using=xpath, value=//div[@class=&apos;modal-content&apos;]/div/div/div[@class=&apos;tab-content&apos;]/div[@class=&apos;tab-pane active&apos;]/div/table/tbody/tr/td/p/span[contains(text(),&apos;20&apos;)]}" type="org.openqa.selenium.NoSuchElementException">org.openqa.selenium.NoSuchElementException: no such element: Unable to locate element: {&quot;method&quot;:&quot;xpath&quot;,&quot;selector&quot;:&quot;//div[@class=&apos;modal-content&apos;]/div/div/div[@class=&apos;tab-content&apos;]/div[@class=&apos;tab-pane active&apos;]/div/table/tbody/tr/td/p/span[contains(text(),&apos;20&apos;)]&quot;}
  (Session info: chrome=110.0.5481.177)
For documentation on this error, please visit: https://www.seleniumhq.org/exceptions/no_such_element.html
Build info: version: &apos;3.141.59&apos;, revision: &apos;e82be7d358&apos;, time: &apos;2018-11-14T08:17:03&apos;
System info: host: &apos;ITOPSs-MacBook-Pro-3.local&apos;, ip: &apos;fe80:0:0:0:14ae:4bb5:e053:e16a%en0&apos;, os.name: &apos;Mac OS X&apos;, os.arch: &apos;aarch64&apos;, os.version: &apos;12.3&apos;, java.version: &apos;19.0.1&apos;
Driver info: org.openqa.selenium.chrome.ChromeDriver
Capabilities {acceptInsecureCerts: false, browserName: chrome, browserVersion: 110.0.5481.177, chrome: {chromedriverVersion: 110.0.5481.77 (65ed616c6e8e..., userDataDir: /var/folders/cn/t8j6szvx4_n...}, goog:chromeOptions: {debuggerAddress: localhost:51055}, javascriptEnabled: true, networkConnectionEnabled: false, pageLoadStrategy: normal, platform: MAC, platformName: MAC, proxy: Proxy(), setWindowRect: true, strictFileInteractability: false, timeouts: {implicit: 0, pageLoad: 300000, script: 30000}, unhandledPromptBehavior: dismiss and notify, webauthn:extension:credBlob: true, webauthn:extension:largeBlob: true, webauthn:virtualAuthenticators: true}
Session ID: c76c36f25819c43339798367d15e3cf1
*** Element info: {Using=xpath, value=//div[@class=&apos;modal-content&apos;]/div/div/div[@class=&apos;tab-content&apos;]/div[@class=&apos;tab-pane active&apos;]/div/table/tbody/tr/td/p/span[contains(text(),&apos;20&apos;)]}
	at java.base/jdk.internal.reflect.DirectConstructorHandleAccessor.newInstance(DirectConstructorHandleAccessor.java:67)
	at java.base/java.lang.reflect.Constructor.newInstanceWithCaller(Constructor.java:500)
	at java.base/java.lang.reflect.Constructor.newInstance(Constructor.java:484)
	at org.openqa.selenium.remote.http.W3CHttpResponseCodec.createException(W3CHttpResponseCodec.java:187)
	at org.openqa.selenium.remote.http.W3CHttpResponseCodec.decode(W3CHttpResponseCodec.java:122)
	at org.openqa.selenium.remote.http.W3CHttpResponseCodec.decode(W3CHttpResponseCodec.java:49)
	at org.openqa.selenium.remote.HttpCommandExecutor.execute(HttpCommandExecutor.java:158)
	at org.openqa.selenium.remote.service.DriverCommandExecutor.execute(DriverCommandExecutor.java:83)
	at org.openqa.selenium.remote.RemoteWebDriver.execute(RemoteWebDriver.java:552)
	at org.openqa.selenium.remote.RemoteWebDriver.findElement(RemoteWebDriver.java:323)
	at org.openqa.selenium.remote.RemoteWebDriver.findElementByXPath(RemoteWebDriver.java:428)
	at org.openqa.selenium.By$ByXPath.findElement(By.java:353)
	at org.openqa.selenium.remote.RemoteWebDriver.findElement(RemoteWebDriver.java:315)
	at org.openqa.selenium.support.pagefactory.DefaultElementLocator.findElement(DefaultElementLocator.java:69)
	at org.openqa.selenium.support.pagefactory.internal.LocatingElementHandler.invoke(LocatingElementHandler.java:38)
	at jdk.proxy2/jdk.proxy2.$Proxy14.getText(Unknown Source)
	at Pages.SKUMatchingPage.verify_offline_competitor_sku_match_added_verify_competitor_price(SKUMatchingPage.java:734)
	at Tests.Regression_Suit.verify_offline_competitor_sku_match_added_verify_competitor_price(Regression_Suit.java:352)
</failure>
  </testcase>
  <testcase classname="Tests.Regression_Suit" name="verify_offline_competitor_sku_match_added_verify_competitor_category" time="3.362">
    <failure message="no such element: Unable to locate element: {&quot;method&quot;:&quot;xpath&quot;,&quot;selector&quot;:&quot;//div[@class=&apos;modal-content&apos;]/div/div/div[@class=&apos;tab-content&apos;]/div[@class=&apos;tab-pane active&apos;]/div/table/tbody/tr/td/p[contains(text(),&apos;Cameras&apos;)]&quot;}
  (Session info: chrome=110.0.5481.177)
For documentation on this error, please visit: https://www.seleniumhq.org/exceptions/no_such_element.html
Build info: version: &apos;3.141.59&apos;, revision: &apos;e82be7d358&apos;, time: &apos;2018-11-14T08:17:03&apos;
System info: host: &apos;ITOPSs-MacBook-Pro-3.local&apos;, ip: &apos;fe80:0:0:0:14ae:4bb5:e053:e16a%en0&apos;, os.name: &apos;Mac OS X&apos;, os.arch: &apos;aarch64&apos;, os.version: &apos;12.3&apos;, java.version: &apos;19.0.1&apos;
Driver info: org.openqa.selenium.chrome.ChromeDriver
Capabilities {acceptInsecureCerts: false, browserName: chrome, browserVersion: 110.0.5481.177, chrome: {chromedriverVersion: 110.0.5481.77 (65ed616c6e8e..., userDataDir: /var/folders/cn/t8j6szvx4_n...}, goog:chromeOptions: {debuggerAddress: localhost:51055}, javascriptEnabled: true, networkConnectionEnabled: false, pageLoadStrategy: normal, platform: MAC, platformName: MAC, proxy: Proxy(), setWindowRect: true, strictFileInteractability: false, timeouts: {implicit: 0, pageLoad: 300000, script: 30000}, unhandledPromptBehavior: dismiss and notify, webauthn:extension:credBlob: true, webauthn:extension:largeBlob: true, webauthn:virtualAuthenticators: true}
Session ID: c76c36f25819c43339798367d15e3cf1
*** Element info: {Using=xpath, value=//div[@class=&apos;modal-content&apos;]/div/div/div[@class=&apos;tab-content&apos;]/div[@class=&apos;tab-pane active&apos;]/div/table/tbody/tr/td/p[contains(text(),&apos;Cameras&apos;)]}" type="org.openqa.selenium.NoSuchElementException">org.openqa.selenium.NoSuchElementException: no such element: Unable to locate element: {&quot;method&quot;:&quot;xpath&quot;,&quot;selector&quot;:&quot;//div[@class=&apos;modal-content&apos;]/div/div/div[@class=&apos;tab-content&apos;]/div[@class=&apos;tab-pane active&apos;]/div/table/tbody/tr/td/p[contains(text(),&apos;Cameras&apos;)]&quot;}
  (Session info: chrome=110.0.5481.177)
For documentation on this error, please visit: https://www.seleniumhq.org/exceptions/no_such_element.html
Build info: version: &apos;3.141.59&apos;, revision: &apos;e82be7d358&apos;, time: &apos;2018-11-14T08:17:03&apos;
System info: host: &apos;ITOPSs-MacBook-Pro-3.local&apos;, ip: &apos;fe80:0:0:0:14ae:4bb5:e053:e16a%en0&apos;, os.name: &apos;Mac OS X&apos;, os.arch: &apos;aarch64&apos;, os.version: &apos;12.3&apos;, java.version: &apos;19.0.1&apos;
Driver info: org.openqa.selenium.chrome.ChromeDriver
Capabilities {acceptInsecureCerts: false, browserName: chrome, browserVersion: 110.0.5481.177, chrome: {chromedriverVersion: 110.0.5481.77 (65ed616c6e8e..., userDataDir: /var/folders/cn/t8j6szvx4_n...}, goog:chromeOptions: {debuggerAddress: localhost:51055}, javascriptEnabled: true, networkConnectionEnabled: false, pageLoadStrategy: normal, platform: MAC, platformName: MAC, proxy: Proxy(), setWindowRect: true, strictFileInteractability: false, timeouts: {implicit: 0, pageLoad: 300000, script: 30000}, unhandledPromptBehavior: dismiss and notify, webauthn:extension:credBlob: true, webauthn:extension:largeBlob: true, webauthn:virtualAuthenticators: true}
Session ID: c76c36f25819c43339798367d15e3cf1
*** Element info: {Using=xpath, value=//div[@class=&apos;modal-content&apos;]/div/div/div[@class=&apos;tab-content&apos;]/div[@class=&apos;tab-pane active&apos;]/div/table/tbody/tr/td/p[contains(text(),&apos;Cameras&apos;)]}
	at java.base/jdk.internal.reflect.DirectConstructorHandleAccessor.newInstance(DirectConstructorHandleAccessor.java:67)
	at java.base/java.lang.reflect.Constructor.newInstanceWithCaller(Constructor.java:500)
	at java.base/java.lang.reflect.Constructor.newInstance(Constructor.java:484)
	at org.openqa.selenium.remote.http.W3CHttpResponseCodec.createException(W3CHttpResponseCodec.java:187)
	at org.openqa.selenium.remote.http.W3CHttpResponseCodec.decode(W3CHttpResponseCodec.java:122)
	at org.openqa.selenium.remote.http.W3CHttpResponseCodec.decode(W3CHttpResponseCodec.java:49)
	at org.openqa.selenium.remote.HttpCommandExecutor.execute(HttpCommandExecutor.java:158)
	at org.openqa.selenium.remote.service.DriverCommandExecutor.execute(DriverCommandExecutor.java:83)
	at org.openqa.selenium.remote.RemoteWebDriver.execute(RemoteWebDriver.java:552)
	at org.openqa.selenium.remote.RemoteWebDriver.findElement(RemoteWebDriver.java:323)
	at org.openqa.selenium.remote.RemoteWebDriver.findElementByXPath(RemoteWebDriver.java:428)
	at org.openqa.selenium.By$ByXPath.findElement(By.java:353)
	at org.openqa.selenium.remote.RemoteWebDriver.findElement(RemoteWebDriver.java:315)
	at org.openqa.selenium.support.pagefactory.DefaultElementLocator.findElement(DefaultElementLocator.java:69)
	at org.openqa.selenium.support.pagefactory.internal.LocatingElementHandler.invoke(LocatingElementHandler.java:38)
	at jdk.proxy2/jdk.proxy2.$Proxy14.getText(Unknown Source)
	at Pages.SKUMatchingPage.verify_offline_competitor_sku_match_added_verify_competitor_category(SKUMatchingPage.java:743)
	at Tests.Regression_Suit.verify_offline_competitor_sku_match_added_verify_competitor_category(Regression_Suit.java:356)
</failure>
  </testcase>
  <testcase classname="Tests.Regression_Suit" name="verify_database_tab_selection" time="3.451"/>
  <testcase classname="Tests.Regression_Suit" name="verify_database_tab_add_btn_disabled" time="3.933"/>
  <testcase classname="Tests.Regression_Suit" name="verify_search_btn_disabled" time="2.923"/>
  <testcase classname="Tests.Regression_Suit" name="verify_cancel_icon_database_tab" time="4.976"/>
  <testcase classname="Tests.Regression_Suit" name="verify_cancel_button_database_tab" time="5.999"/>
  <testcase classname="Tests.Regression_Suit" name="verify_search_btn_enabled_on_filter_selection" time="3.757"/>
  <testcase classname="Tests.Regression_Suit" name="verify_filter_competitor_name" time="3.098"/>
  <testcase classname="Tests.Regression_Suit" name="verify_data_on_filter_by_chaldal_database_tab" time="7.41"/>
  <testcase classname="Tests.Regression_Suit" name="verify_data_on_filter_by_pandamart_database_tab" time="8.41"/>
  <testcase classname="Tests.Regression_Suit" name="verify_data_on_filter_by_pickaboo_database_tab" time="7.798"/>
  <testcase classname="Tests.Regression_Suit" name="verify_data_on_filter_by_shajgoj_database_tab" time="7.836"/>
  <testcase classname="Tests.Regression_Suit" name="search_sku_name_against_competitor_database_tab" time="5.472"/>
  <testcase classname="Tests.Regression_Suit" name="add_match_database_tab" time="5.506"/>
  <testcase classname="Tests.Regression_Suit" name="verify_database_match_added" time="3.46"/>
  <testcase classname="Tests.Regression_Suit" name="label_number_of_daraz_skus" time="0.557"/>
  <testcase classname="Tests.Regression_Suit" name="label_number_of_unmatched_skus" time="0.179"/>
  <testcase classname="Tests.Regression_Suit" name="label_number_of_matched_skus" time="0.026"/>
  <testcase classname="Tests.Regression_Suit" name="label_number_of_pending_skus" time="0.131"/>
  <testcase classname="Tests.Regression_Suit" name="label_user" time="0.016"/>
  <testcase classname="Tests.Regression_Suit" name="label_created_time" time="0.033"/>
  <testcase classname="Tests.Regression_Suit" name="download_file_task_details" time="5.127"/>
  <testcase classname="Tests.Regression_Suit" name="verify_view_matched_item_data" time="1.019"/>
  <testcase classname="Tests.Regression_Suit" name="mark_inaccurate" time="63.419">
    <failure message="Expected condition failed: waiting for visibility of [[ChromeDriver: chrome on MAC (c76c36f25819c43339798367d15e3cf1)] -&gt; css selector: div.tab-pane.active tbody tr:nth-child(1) td:nth-child(9) p.reason] (tried for 60 second(s) with 500 milliseconds interval)
Build info: version: &apos;3.141.59&apos;, revision: &apos;e82be7d358&apos;, time: &apos;2018-11-14T08:17:03&apos;
System info: host: &apos;ITOPSs-MacBook-Pro-3.local&apos;, ip: &apos;fe80:0:0:0:14ae:4bb5:e053:e16a%en0&apos;, os.name: &apos;Mac OS X&apos;, os.arch: &apos;aarch64&apos;, os.version: &apos;12.3&apos;, java.version: &apos;19.0.1&apos;
Driver info: org.openqa.selenium.chrome.ChromeDriver
Capabilities {acceptInsecureCerts: false, browserName: chrome, browserVersion: 110.0.5481.177, chrome: {chromedriverVersion: 110.0.5481.77 (65ed616c6e8e..., userDataDir: /var/folders/cn/t8j6szvx4_n...}, goog:chromeOptions: {debuggerAddress: localhost:51055}, javascriptEnabled: true, networkConnectionEnabled: false, pageLoadStrategy: normal, platform: MAC, platformName: MAC, proxy: Proxy(), setWindowRect: true, strictFileInteractability: false, timeouts: {implicit: 0, pageLoad: 300000, script: 30000}, unhandledPromptBehavior: dismiss and notify, webauthn:extension:credBlob: true, webauthn:extension:largeBlob: true, webauthn:virtualAuthenticators: true}
Session ID: c76c36f25819c43339798367d15e3cf1" type="org.openqa.selenium.TimeoutException">org.openqa.selenium.TimeoutException: Expected condition failed: waiting for visibility of [[ChromeDriver: chrome on MAC (c76c36f25819c43339798367d15e3cf1)] -&gt; css selector: div.tab-pane.active tbody tr:nth-child(1) td:nth-child(9) p.reason] (tried for 60 second(s) with 500 milliseconds interval)
Build info: version: &apos;3.141.59&apos;, revision: &apos;e82be7d358&apos;, time: &apos;2018-11-14T08:17:03&apos;
System info: host: &apos;ITOPSs-MacBook-Pro-3.local&apos;, ip: &apos;fe80:0:0:0:14ae:4bb5:e053:e16a%en0&apos;, os.name: &apos;Mac OS X&apos;, os.arch: &apos;aarch64&apos;, os.version: &apos;12.3&apos;, java.version: &apos;19.0.1&apos;
Driver info: org.openqa.selenium.chrome.ChromeDriver
Capabilities {acceptInsecureCerts: false, browserName: chrome, browserVersion: 110.0.5481.177, chrome: {chromedriverVersion: 110.0.5481.77 (65ed616c6e8e..., userDataDir: /var/folders/cn/t8j6szvx4_n...}, goog:chromeOptions: {debuggerAddress: localhost:51055}, javascriptEnabled: true, networkConnectionEnabled: false, pageLoadStrategy: normal, platform: MAC, platformName: MAC, proxy: Proxy(), setWindowRect: true, strictFileInteractability: false, timeouts: {implicit: 0, pageLoad: 300000, script: 30000}, unhandledPromptBehavior: dismiss and notify, webauthn:extension:credBlob: true, webauthn:extension:largeBlob: true, webauthn:virtualAuthenticators: true}
Session ID: c76c36f25819c43339798367d15e3cf1
	at org.openqa.selenium.support.ui.WebDriverWait.timeoutException(WebDriverWait.java:95)
	at org.openqa.selenium.support.ui.FluentWait.until(FluentWait.java:272)
	at Pages.SKUMatchingPage.mark_inaccurate(SKUMatchingPage.java:1210)
	at Tests.Regression_Suit.mark_inaccurate(Regression_Suit.java:449)
</failure>
    <system-out>Chaldal_bd
</system-out>
  </testcase>
  <testcase classname="Tests.Regression_Suit" name="mark_verified" time="63.394">
    <failure message="Expected condition failed: waiting for visibility of [[ChromeDriver: chrome on MAC (c76c36f25819c43339798367d15e3cf1)] -&gt; css selector: div.tab-pane.active tbody tr:nth-child(1) td:nth-child(9) p.reason] (tried for 60 second(s) with 500 milliseconds interval)
Build info: version: &apos;3.141.59&apos;, revision: &apos;e82be7d358&apos;, time: &apos;2018-11-14T08:17:03&apos;
System info: host: &apos;ITOPSs-MacBook-Pro-3.local&apos;, ip: &apos;fe80:0:0:0:14ae:4bb5:e053:e16a%en0&apos;, os.name: &apos;Mac OS X&apos;, os.arch: &apos;aarch64&apos;, os.version: &apos;12.3&apos;, java.version: &apos;19.0.1&apos;
Driver info: org.openqa.selenium.chrome.ChromeDriver
Capabilities {acceptInsecureCerts: false, browserName: chrome, browserVersion: 110.0.5481.177, chrome: {chromedriverVersion: 110.0.5481.77 (65ed616c6e8e..., userDataDir: /var/folders/cn/t8j6szvx4_n...}, goog:chromeOptions: {debuggerAddress: localhost:51055}, javascriptEnabled: true, networkConnectionEnabled: false, pageLoadStrategy: normal, platform: MAC, platformName: MAC, proxy: Proxy(), setWindowRect: true, strictFileInteractability: false, timeouts: {implicit: 0, pageLoad: 300000, script: 30000}, unhandledPromptBehavior: dismiss and notify, webauthn:extension:credBlob: true, webauthn:extension:largeBlob: true, webauthn:virtualAuthenticators: true}
Session ID: c76c36f25819c43339798367d15e3cf1" type="org.openqa.selenium.TimeoutException">org.openqa.selenium.TimeoutException: Expected condition failed: waiting for visibility of [[ChromeDriver: chrome on MAC (c76c36f25819c43339798367d15e3cf1)] -&gt; css selector: div.tab-pane.active tbody tr:nth-child(1) td:nth-child(9) p.reason] (tried for 60 second(s) with 500 milliseconds interval)
Build info: version: &apos;3.141.59&apos;, revision: &apos;e82be7d358&apos;, time: &apos;2018-11-14T08:17:03&apos;
System info: host: &apos;ITOPSs-MacBook-Pro-3.local&apos;, ip: &apos;fe80:0:0:0:14ae:4bb5:e053:e16a%en0&apos;, os.name: &apos;Mac OS X&apos;, os.arch: &apos;aarch64&apos;, os.version: &apos;12.3&apos;, java.version: &apos;19.0.1&apos;
Driver info: org.openqa.selenium.chrome.ChromeDriver
Capabilities {acceptInsecureCerts: false, browserName: chrome, browserVersion: 110.0.5481.177, chrome: {chromedriverVersion: 110.0.5481.77 (65ed616c6e8e..., userDataDir: /var/folders/cn/t8j6szvx4_n...}, goog:chromeOptions: {debuggerAddress: localhost:51055}, javascriptEnabled: true, networkConnectionEnabled: false, pageLoadStrategy: normal, platform: MAC, platformName: MAC, proxy: Proxy(), setWindowRect: true, strictFileInteractability: false, timeouts: {implicit: 0, pageLoad: 300000, script: 30000}, unhandledPromptBehavior: dismiss and notify, webauthn:extension:credBlob: true, webauthn:extension:largeBlob: true, webauthn:virtualAuthenticators: true}
Session ID: c76c36f25819c43339798367d15e3cf1
	at org.openqa.selenium.support.ui.WebDriverWait.timeoutException(WebDriverWait.java:95)
	at org.openqa.selenium.support.ui.FluentWait.until(FluentWait.java:272)
	at Pages.SKUMatchingPage.mark_verified(SKUMatchingPage.java:1251)
	at Tests.Regression_Suit.mark_verified(Regression_Suit.java:453)
</failure>
    <system-out>Chaldal_bd
</system-out>
  </testcase>
  <testcase classname="Tests.Regression_Suit" name="verify_mark_inaccurate_dropdown" time="65.232">
    <failure message="Expected condition failed: waiting for visibility of [[ChromeDriver: chrome on MAC (c76c36f25819c43339798367d15e3cf1)] -&gt; css selector: div.tab-pane.active tbody tr:nth-child(1) td:nth-child(9) p.reason] (tried for 60 second(s) with 500 milliseconds interval)
Build info: version: &apos;3.141.59&apos;, revision: &apos;e82be7d358&apos;, time: &apos;2018-11-14T08:17:03&apos;
System info: host: &apos;ITOPSs-MacBook-Pro-3.local&apos;, ip: &apos;fe80:0:0:0:14ae:4bb5:e053:e16a%en0&apos;, os.name: &apos;Mac OS X&apos;, os.arch: &apos;aarch64&apos;, os.version: &apos;12.3&apos;, java.version: &apos;19.0.1&apos;
Driver info: org.openqa.selenium.chrome.ChromeDriver
Capabilities {acceptInsecureCerts: false, browserName: chrome, browserVersion: 110.0.5481.177, chrome: {chromedriverVersion: 110.0.5481.77 (65ed616c6e8e..., userDataDir: /var/folders/cn/t8j6szvx4_n...}, goog:chromeOptions: {debuggerAddress: localhost:51055}, javascriptEnabled: true, networkConnectionEnabled: false, pageLoadStrategy: normal, platform: MAC, platformName: MAC, proxy: Proxy(), setWindowRect: true, strictFileInteractability: false, timeouts: {implicit: 0, pageLoad: 300000, script: 30000}, unhandledPromptBehavior: dismiss and notify, webauthn:extension:credBlob: true, webauthn:extension:largeBlob: true, webauthn:virtualAuthenticators: true}
Session ID: c76c36f25819c43339798367d15e3cf1" type="org.openqa.selenium.TimeoutException">org.openqa.selenium.TimeoutException: Expected condition failed: waiting for visibility of [[ChromeDriver: chrome on MAC (c76c36f25819c43339798367d15e3cf1)] -&gt; css selector: div.tab-pane.active tbody tr:nth-child(1) td:nth-child(9) p.reason] (tried for 60 second(s) with 500 milliseconds interval)
Build info: version: &apos;3.141.59&apos;, revision: &apos;e82be7d358&apos;, time: &apos;2018-11-14T08:17:03&apos;
System info: host: &apos;ITOPSs-MacBook-Pro-3.local&apos;, ip: &apos;fe80:0:0:0:14ae:4bb5:e053:e16a%en0&apos;, os.name: &apos;Mac OS X&apos;, os.arch: &apos;aarch64&apos;, os.version: &apos;12.3&apos;, java.version: &apos;19.0.1&apos;
Driver info: org.openqa.selenium.chrome.ChromeDriver
Capabilities {acceptInsecureCerts: false, browserName: chrome, browserVersion: 110.0.5481.177, chrome: {chromedriverVersion: 110.0.5481.77 (65ed616c6e8e..., userDataDir: /var/folders/cn/t8j6szvx4_n...}, goog:chromeOptions: {debuggerAddress: localhost:51055}, javascriptEnabled: true, networkConnectionEnabled: false, pageLoadStrategy: normal, platform: MAC, platformName: MAC, proxy: Proxy(), setWindowRect: true, strictFileInteractability: false, timeouts: {implicit: 0, pageLoad: 300000, script: 30000}, unhandledPromptBehavior: dismiss and notify, webauthn:extension:credBlob: true, webauthn:extension:largeBlob: true, webauthn:virtualAuthenticators: true}
Session ID: c76c36f25819c43339798367d15e3cf1
	at org.openqa.selenium.support.ui.WebDriverWait.timeoutException(WebDriverWait.java:95)
	at org.openqa.selenium.support.ui.FluentWait.until(FluentWait.java:272)
	at Pages.SKUMatchingPage.verify_mark_inaccurate_dropdown(SKUMatchingPage.java:1291)
	at Tests.Regression_Suit.verify_mark_inaccurate_dropdown(Regression_Suit.java:457)
</failure>
  </testcase>
  <testcase classname="Tests.Regression_Suit" name="upload_online_match_valid_file_click_upload" time="60.297">
    <failure message="Expected condition failed: waiting for visibility of [[ChromeDriver: chrome on MAC (c76c36f25819c43339798367d15e3cf1)] -&gt; xpath: //a[@href=&apos;/scrapy-ui/skumatching?page=1&amp;pageSize=10&apos;]] (tried for 60 second(s) with 500 milliseconds interval)
Build info: version: &apos;3.141.59&apos;, revision: &apos;e82be7d358&apos;, time: &apos;2018-11-14T08:17:03&apos;
System info: host: &apos;ITOPSs-MacBook-Pro-3.local&apos;, ip: &apos;fe80:0:0:0:14ae:4bb5:e053:e16a%en0&apos;, os.name: &apos;Mac OS X&apos;, os.arch: &apos;aarch64&apos;, os.version: &apos;12.3&apos;, java.version: &apos;19.0.1&apos;
Driver info: org.openqa.selenium.chrome.ChromeDriver
Capabilities {acceptInsecureCerts: false, browserName: chrome, browserVersion: 110.0.5481.177, chrome: {chromedriverVersion: 110.0.5481.77 (65ed616c6e8e..., userDataDir: /var/folders/cn/t8j6szvx4_n...}, goog:chromeOptions: {debuggerAddress: localhost:51055}, javascriptEnabled: true, networkConnectionEnabled: false, pageLoadStrategy: normal, platform: MAC, platformName: MAC, proxy: Proxy(), setWindowRect: true, strictFileInteractability: false, timeouts: {implicit: 0, pageLoad: 300000, script: 30000}, unhandledPromptBehavior: dismiss and notify, webauthn:extension:credBlob: true, webauthn:extension:largeBlob: true, webauthn:virtualAuthenticators: true}
Session ID: c76c36f25819c43339798367d15e3cf1" type="org.openqa.selenium.TimeoutException">org.openqa.selenium.TimeoutException: Expected condition failed: waiting for visibility of [[ChromeDriver: chrome on MAC (c76c36f25819c43339798367d15e3cf1)] -&gt; xpath: //a[@href=&apos;/scrapy-ui/skumatching?page=1&amp;pageSize=10&apos;]] (tried for 60 second(s) with 500 milliseconds interval)
Build info: version: &apos;3.141.59&apos;, revision: &apos;e82be7d358&apos;, time: &apos;2018-11-14T08:17:03&apos;
System info: host: &apos;ITOPSs-MacBook-Pro-3.local&apos;, ip: &apos;fe80:0:0:0:14ae:4bb5:e053:e16a%en0&apos;, os.name: &apos;Mac OS X&apos;, os.arch: &apos;aarch64&apos;, os.version: &apos;12.3&apos;, java.version: &apos;19.0.1&apos;
Driver info: org.openqa.selenium.chrome.ChromeDriver
Capabilities {acceptInsecureCerts: false, browserName: chrome, browserVersion: 110.0.5481.177, chrome: {chromedriverVersion: 110.0.5481.77 (65ed616c6e8e..., userDataDir: /var/folders/cn/t8j6szvx4_n...}, goog:chromeOptions: {debuggerAddress: localhost:51055}, javascriptEnabled: true, networkConnectionEnabled: false, pageLoadStrategy: normal, platform: MAC, platformName: MAC, proxy: Proxy(), setWindowRect: true, strictFileInteractability: false, timeouts: {implicit: 0, pageLoad: 300000, script: 30000}, unhandledPromptBehavior: dismiss and notify, webauthn:extension:credBlob: true, webauthn:extension:largeBlob: true, webauthn:virtualAuthenticators: true}
Session ID: c76c36f25819c43339798367d15e3cf1
	at org.openqa.selenium.support.ui.WebDriverWait.timeoutException(WebDriverWait.java:95)
	at org.openqa.selenium.support.ui.FluentWait.until(FluentWait.java:272)
	at Pages.SKUMatchingPage.upload_online_match_valid_file_click_upload(SKUMatchingPage.java:1459)
	at Tests.Regression_Suit.upload_online_match_valid_file_click_upload(Regression_Suit.java:474)
</failure>
  </testcase>
  <testcase classname="Tests.Regression_Suit" name="upload_online_match_valid_file_click_cancel_button" time="60.23">
    <failure message="Expected condition failed: waiting for visibility of [[ChromeDriver: chrome on MAC (c76c36f25819c43339798367d15e3cf1)] -&gt; xpath: //a[@href=&apos;/scrapy-ui/skumatching?page=1&amp;pageSize=10&apos;]] (tried for 60 second(s) with 500 milliseconds interval)
Build info: version: &apos;3.141.59&apos;, revision: &apos;e82be7d358&apos;, time: &apos;2018-11-14T08:17:03&apos;
System info: host: &apos;ITOPSs-MacBook-Pro-3.local&apos;, ip: &apos;fe80:0:0:0:14ae:4bb5:e053:e16a%en0&apos;, os.name: &apos;Mac OS X&apos;, os.arch: &apos;aarch64&apos;, os.version: &apos;12.3&apos;, java.version: &apos;19.0.1&apos;
Driver info: org.openqa.selenium.chrome.ChromeDriver
Capabilities {acceptInsecureCerts: false, browserName: chrome, browserVersion: 110.0.5481.177, chrome: {chromedriverVersion: 110.0.5481.77 (65ed616c6e8e..., userDataDir: /var/folders/cn/t8j6szvx4_n...}, goog:chromeOptions: {debuggerAddress: localhost:51055}, javascriptEnabled: true, networkConnectionEnabled: false, pageLoadStrategy: normal, platform: MAC, platformName: MAC, proxy: Proxy(), setWindowRect: true, strictFileInteractability: false, timeouts: {implicit: 0, pageLoad: 300000, script: 30000}, unhandledPromptBehavior: dismiss and notify, webauthn:extension:credBlob: true, webauthn:extension:largeBlob: true, webauthn:virtualAuthenticators: true}
Session ID: c76c36f25819c43339798367d15e3cf1" type="org.openqa.selenium.TimeoutException">org.openqa.selenium.TimeoutException: Expected condition failed: waiting for visibility of [[ChromeDriver: chrome on MAC (c76c36f25819c43339798367d15e3cf1)] -&gt; xpath: //a[@href=&apos;/scrapy-ui/skumatching?page=1&amp;pageSize=10&apos;]] (tried for 60 second(s) with 500 milliseconds interval)
Build info: version: &apos;3.141.59&apos;, revision: &apos;e82be7d358&apos;, time: &apos;2018-11-14T08:17:03&apos;
System info: host: &apos;ITOPSs-MacBook-Pro-3.local&apos;, ip: &apos;fe80:0:0:0:14ae:4bb5:e053:e16a%en0&apos;, os.name: &apos;Mac OS X&apos;, os.arch: &apos;aarch64&apos;, os.version: &apos;12.3&apos;, java.version: &apos;19.0.1&apos;
Driver info: org.openqa.selenium.chrome.ChromeDriver
Capabilities {acceptInsecureCerts: false, browserName: chrome, browserVersion: 110.0.5481.177, chrome: {chromedriverVersion: 110.0.5481.77 (65ed616c6e8e..., userDataDir: /var/folders/cn/t8j6szvx4_n...}, goog:chromeOptions: {debuggerAddress: localhost:51055}, javascriptEnabled: true, networkConnectionEnabled: false, pageLoadStrategy: normal, platform: MAC, platformName: MAC, proxy: Proxy(), setWindowRect: true, strictFileInteractability: false, timeouts: {implicit: 0, pageLoad: 300000, script: 30000}, unhandledPromptBehavior: dismiss and notify, webauthn:extension:credBlob: true, webauthn:extension:largeBlob: true, webauthn:virtualAuthenticators: true}
Session ID: c76c36f25819c43339798367d15e3cf1
	at org.openqa.selenium.support.ui.WebDriverWait.timeoutException(WebDriverWait.java:95)
	at org.openqa.selenium.support.ui.FluentWait.until(FluentWait.java:272)
	at Pages.SKUMatchingPage.upload_online_match_valid_file_click_cancel_button(SKUMatchingPage.java:1472)
	at Tests.Regression_Suit.upload_online_match_valid_file_click_cancel_button(Regression_Suit.java:478)
</failure>
  </testcase>
  <testcase classname="Tests.Regression_Suit" name="upload_online_match_valid_file_click_cancel_icon" time="60.478">
    <failure message="Expected condition failed: waiting for visibility of Proxy element for: DefaultElementLocator &apos;By.xpath: //button[@class = &apos;dropdown-btn btnBlue inner btn btn-secondary btn btn-secondary&apos;]&apos; (tried for 60 second(s) with 500 milliseconds interval)" type="org.openqa.selenium.TimeoutException">org.openqa.selenium.TimeoutException: Expected condition failed: waiting for visibility of Proxy element for: DefaultElementLocator &apos;By.xpath: //button[@class = &apos;dropdown-btn btnBlue inner btn btn-secondary btn btn-secondary&apos;]&apos; (tried for 60 second(s) with 500 milliseconds interval)
	at org.openqa.selenium.support.ui.WebDriverWait.timeoutException(WebDriverWait.java:95)
	at org.openqa.selenium.support.ui.FluentWait.until(FluentWait.java:272)
	at Pages.SKUMatchingPage.upload_online_match_valid_file_click_cancel_icon(SKUMatchingPage.java:1484)
	at Tests.Regression_Suit.upload_online_match_valid_file_click_cancel_icon(Regression_Suit.java:482)
Caused by: org.openqa.selenium.NoSuchElementException: no such element: Unable to locate element: {&quot;method&quot;:&quot;xpath&quot;,&quot;selector&quot;:&quot;//button[@class = &apos;dropdown-btn btnBlue inner btn btn-secondary btn btn-secondary&apos;]&quot;}
  (Session info: chrome=110.0.5481.177)
For documentation on this error, please visit: https://www.seleniumhq.org/exceptions/no_such_element.html
Build info: version: &apos;3.141.59&apos;, revision: &apos;e82be7d358&apos;, time: &apos;2018-11-14T08:17:03&apos;
System info: host: &apos;ITOPSs-MacBook-Pro-3.local&apos;, ip: &apos;fe80:0:0:0:14ae:4bb5:e053:e16a%en0&apos;, os.name: &apos;Mac OS X&apos;, os.arch: &apos;aarch64&apos;, os.version: &apos;12.3&apos;, java.version: &apos;19.0.1&apos;
Driver info: org.openqa.selenium.chrome.ChromeDriver
Capabilities {acceptInsecureCerts: false, browserName: chrome, browserVersion: 110.0.5481.177, chrome: {chromedriverVersion: 110.0.5481.77 (65ed616c6e8e..., userDataDir: /var/folders/cn/t8j6szvx4_n...}, goog:chromeOptions: {debuggerAddress: localhost:51055}, javascriptEnabled: true, networkConnectionEnabled: false, pageLoadStrategy: normal, platform: MAC, platformName: MAC, proxy: Proxy(), setWindowRect: true, strictFileInteractability: false, timeouts: {implicit: 0, pageLoad: 300000, script: 30000}, unhandledPromptBehavior: dismiss and notify, webauthn:extension:credBlob: true, webauthn:extension:largeBlob: true, webauthn:virtualAuthenticators: true}
Session ID: c76c36f25819c43339798367d15e3cf1
*** Element info: {Using=xpath, value=//button[@class = &apos;dropdown-btn btnBlue inner btn btn-secondary btn btn-secondary&apos;]}
	at java.base/jdk.internal.reflect.DirectConstructorHandleAccessor.newInstance(DirectConstructorHandleAccessor.java:67)
	at java.base/java.lang.reflect.Constructor.newInstanceWithCaller(Constructor.java:500)
	at java.base/java.lang.reflect.Constructor.newInstance(Constructor.java:484)
	at org.openqa.selenium.remote.http.W3CHttpResponseCodec.createException(W3CHttpResponseCodec.java:187)
	at org.openqa.selenium.remote.http.W3CHttpResponseCodec.decode(W3CHttpResponseCodec.java:122)
	at org.openqa.selenium.remote.http.W3CHttpResponseCodec.decode(W3CHttpResponseCodec.java:49)
	at org.openqa.selenium.remote.HttpCommandExecutor.execute(HttpCommandExecutor.java:158)
	at org.openqa.selenium.remote.service.DriverCommandExecutor.execute(DriverCommandExecutor.java:83)
	at org.openqa.selenium.remote.RemoteWebDriver.execute(RemoteWebDriver.java:552)
	at org.openqa.selenium.remote.RemoteWebDriver.findElement(RemoteWebDriver.java:323)
	at org.openqa.selenium.remote.RemoteWebDriver.findElementByXPath(RemoteWebDriver.java:428)
	at org.openqa.selenium.By$ByXPath.findElement(By.java:353)
	at org.openqa.selenium.remote.RemoteWebDriver.findElement(RemoteWebDriver.java:315)
	at org.openqa.selenium.support.pagefactory.DefaultElementLocator.findElement(DefaultElementLocator.java:69)
	at org.openqa.selenium.support.pagefactory.internal.LocatingElementHandler.invoke(LocatingElementHandler.java:38)
	at jdk.proxy2/jdk.proxy2.$Proxy14.isDisplayed(Unknown Source)
	at org.openqa.selenium.support.ui.ExpectedConditions.elementIfVisible(ExpectedConditions.java:314)
	at org.openqa.selenium.support.ui.ExpectedConditions.access$000(ExpectedConditions.java:43)
	at org.openqa.selenium.support.ui.ExpectedConditions$10.apply(ExpectedConditions.java:300)
	at org.openqa.selenium.support.ui.ExpectedConditions$10.apply(ExpectedConditions.java:297)
	at org.openqa.selenium.support.ui.FluentWait.until(FluentWait.java:249)
	... 32 more
</failure>
  </testcase>
  <testcase classname="Tests.Regression_Suit" name="upload_online_match_without_file" time="0.209">
    <failure message="no such element: Unable to locate element: {&quot;method&quot;:&quot;xpath&quot;,&quot;selector&quot;:&quot;//button[@class = &apos;dropdown-btn btnBlue inner btn btn-secondary btn btn-secondary&apos;]&quot;}
  (Session info: chrome=110.0.5481.177)
For documentation on this error, please visit: https://www.seleniumhq.org/exceptions/no_such_element.html
Build info: version: &apos;3.141.59&apos;, revision: &apos;e82be7d358&apos;, time: &apos;2018-11-14T08:17:03&apos;
System info: host: &apos;ITOPSs-MacBook-Pro-3.local&apos;, ip: &apos;fe80:0:0:0:14ae:4bb5:e053:e16a%en0&apos;, os.name: &apos;Mac OS X&apos;, os.arch: &apos;aarch64&apos;, os.version: &apos;12.3&apos;, java.version: &apos;19.0.1&apos;
Driver info: org.openqa.selenium.chrome.ChromeDriver
Capabilities {acceptInsecureCerts: false, browserName: chrome, browserVersion: 110.0.5481.177, chrome: {chromedriverVersion: 110.0.5481.77 (65ed616c6e8e..., userDataDir: /var/folders/cn/t8j6szvx4_n...}, goog:chromeOptions: {debuggerAddress: localhost:51055}, javascriptEnabled: true, networkConnectionEnabled: false, pageLoadStrategy: normal, platform: MAC, platformName: MAC, proxy: Proxy(), setWindowRect: true, strictFileInteractability: false, timeouts: {implicit: 0, pageLoad: 300000, script: 30000}, unhandledPromptBehavior: dismiss and notify, webauthn:extension:credBlob: true, webauthn:extension:largeBlob: true, webauthn:virtualAuthenticators: true}
Session ID: c76c36f25819c43339798367d15e3cf1
*** Element info: {Using=xpath, value=//button[@class = &apos;dropdown-btn btnBlue inner btn btn-secondary btn btn-secondary&apos;]}" type="org.openqa.selenium.NoSuchElementException">org.openqa.selenium.NoSuchElementException: no such element: Unable to locate element: {&quot;method&quot;:&quot;xpath&quot;,&quot;selector&quot;:&quot;//button[@class = &apos;dropdown-btn btnBlue inner btn btn-secondary btn btn-secondary&apos;]&quot;}
  (Session info: chrome=110.0.5481.177)
For documentation on this error, please visit: https://www.seleniumhq.org/exceptions/no_such_element.html
Build info: version: &apos;3.141.59&apos;, revision: &apos;e82be7d358&apos;, time: &apos;2018-11-14T08:17:03&apos;
System info: host: &apos;ITOPSs-MacBook-Pro-3.local&apos;, ip: &apos;fe80:0:0:0:14ae:4bb5:e053:e16a%en0&apos;, os.name: &apos;Mac OS X&apos;, os.arch: &apos;aarch64&apos;, os.version: &apos;12.3&apos;, java.version: &apos;19.0.1&apos;
Driver info: org.openqa.selenium.chrome.ChromeDriver
Capabilities {acceptInsecureCerts: false, browserName: chrome, browserVersion: 110.0.5481.177, chrome: {chromedriverVersion: 110.0.5481.77 (65ed616c6e8e..., userDataDir: /var/folders/cn/t8j6szvx4_n...}, goog:chromeOptions: {debuggerAddress: localhost:51055}, javascriptEnabled: true, networkConnectionEnabled: false, pageLoadStrategy: normal, platform: MAC, platformName: MAC, proxy: Proxy(), setWindowRect: true, strictFileInteractability: false, timeouts: {implicit: 0, pageLoad: 300000, script: 30000}, unhandledPromptBehavior: dismiss and notify, webauthn:extension:credBlob: true, webauthn:extension:largeBlob: true, webauthn:virtualAuthenticators: true}
Session ID: c76c36f25819c43339798367d15e3cf1
*** Element info: {Using=xpath, value=//button[@class = &apos;dropdown-btn btnBlue inner btn btn-secondary btn btn-secondary&apos;]}
	at java.base/jdk.internal.reflect.DirectConstructorHandleAccessor.newInstance(DirectConstructorHandleAccessor.java:67)
	at java.base/java.lang.reflect.Constructor.newInstanceWithCaller(Constructor.java:500)
	at java.base/java.lang.reflect.Constructor.newInstance(Constructor.java:484)
	at org.openqa.selenium.remote.http.W3CHttpResponseCodec.createException(W3CHttpResponseCodec.java:187)
	at org.openqa.selenium.remote.http.W3CHttpResponseCodec.decode(W3CHttpResponseCodec.java:122)
	at org.openqa.selenium.remote.http.W3CHttpResponseCodec.decode(W3CHttpResponseCodec.java:49)
	at org.openqa.selenium.remote.HttpCommandExecutor.execute(HttpCommandExecutor.java:158)
	at org.openqa.selenium.remote.service.DriverCommandExecutor.execute(DriverCommandExecutor.java:83)
	at org.openqa.selenium.remote.RemoteWebDriver.execute(RemoteWebDriver.java:552)
	at org.openqa.selenium.remote.RemoteWebDriver.findElement(RemoteWebDriver.java:323)
	at org.openqa.selenium.remote.RemoteWebDriver.findElementByXPath(RemoteWebDriver.java:428)
	at org.openqa.selenium.By$ByXPath.findElement(By.java:353)
	at org.openqa.selenium.remote.RemoteWebDriver.findElement(RemoteWebDriver.java:315)
	at org.openqa.selenium.support.pagefactory.DefaultElementLocator.findElement(DefaultElementLocator.java:69)
	at org.openqa.selenium.support.pagefactory.internal.LocatingElementHandler.invoke(LocatingElementHandler.java:38)
	at jdk.proxy2/jdk.proxy2.$Proxy14.click(Unknown Source)
	at Pages.SKUMatchingPage.upload_online_match_without_file(SKUMatchingPage.java:1496)
	at Tests.Regression_Suit.upload_online_match_without_file(Regression_Suit.java:486)
</failure>
  </testcase>
  <testcase classname="Tests.Regression_Suit" name="upload_online_match_invalid_excel_file" time="60.519">
    <failure message="Expected condition failed: waiting for visibility of Proxy element for: DefaultElementLocator &apos;By.xpath: //button[@class = &apos;dropdown-btn btnBlue inner btn btn-secondary btn btn-secondary&apos;]&apos; (tried for 60 second(s) with 500 milliseconds interval)" type="org.openqa.selenium.TimeoutException">org.openqa.selenium.TimeoutException: Expected condition failed: waiting for visibility of Proxy element for: DefaultElementLocator &apos;By.xpath: //button[@class = &apos;dropdown-btn btnBlue inner btn btn-secondary btn btn-secondary&apos;]&apos; (tried for 60 second(s) with 500 milliseconds interval)
	at org.openqa.selenium.support.ui.WebDriverWait.timeoutException(WebDriverWait.java:95)
	at org.openqa.selenium.support.ui.FluentWait.until(FluentWait.java:272)
	at Pages.SKUMatchingPage.upload_online_match_invalid_excel_file(SKUMatchingPage.java:1507)
	at Tests.Regression_Suit.upload_online_match_invalid_excel_file(Regression_Suit.java:490)
Caused by: org.openqa.selenium.NoSuchElementException: no such element: Unable to locate element: {&quot;method&quot;:&quot;xpath&quot;,&quot;selector&quot;:&quot;//button[@class = &apos;dropdown-btn btnBlue inner btn btn-secondary btn btn-secondary&apos;]&quot;}
  (Session info: chrome=110.0.5481.177)
For documentation on this error, please visit: https://www.seleniumhq.org/exceptions/no_such_element.html
Build info: version: &apos;3.141.59&apos;, revision: &apos;e82be7d358&apos;, time: &apos;2018-11-14T08:17:03&apos;
System info: host: &apos;ITOPSs-MacBook-Pro-3.local&apos;, ip: &apos;fe80:0:0:0:14ae:4bb5:e053:e16a%en0&apos;, os.name: &apos;Mac OS X&apos;, os.arch: &apos;aarch64&apos;, os.version: &apos;12.3&apos;, java.version: &apos;19.0.1&apos;
Driver info: org.openqa.selenium.chrome.ChromeDriver
Capabilities {acceptInsecureCerts: false, browserName: chrome, browserVersion: 110.0.5481.177, chrome: {chromedriverVersion: 110.0.5481.77 (65ed616c6e8e..., userDataDir: /var/folders/cn/t8j6szvx4_n...}, goog:chromeOptions: {debuggerAddress: localhost:51055}, javascriptEnabled: true, networkConnectionEnabled: false, pageLoadStrategy: normal, platform: MAC, platformName: MAC, proxy: Proxy(), setWindowRect: true, strictFileInteractability: false, timeouts: {implicit: 0, pageLoad: 300000, script: 30000}, unhandledPromptBehavior: dismiss and notify, webauthn:extension:credBlob: true, webauthn:extension:largeBlob: true, webauthn:virtualAuthenticators: true}
Session ID: c76c36f25819c43339798367d15e3cf1
*** Element info: {Using=xpath, value=//button[@class = &apos;dropdown-btn btnBlue inner btn btn-secondary btn btn-secondary&apos;]}
	at java.base/jdk.internal.reflect.DirectConstructorHandleAccessor.newInstance(DirectConstructorHandleAccessor.java:67)
	at java.base/java.lang.reflect.Constructor.newInstanceWithCaller(Constructor.java:500)
	at java.base/java.lang.reflect.Constructor.newInstance(Constructor.java:484)
	at org.openqa.selenium.remote.http.W3CHttpResponseCodec.createException(W3CHttpResponseCodec.java:187)
	at org.openqa.selenium.remote.http.W3CHttpResponseCodec.decode(W3CHttpResponseCodec.java:122)
	at org.openqa.selenium.remote.http.W3CHttpResponseCodec.decode(W3CHttpResponseCodec.java:49)
	at org.openqa.selenium.remote.HttpCommandExecutor.execute(HttpCommandExecutor.java:158)
	at org.openqa.selenium.remote.service.DriverCommandExecutor.execute(DriverCommandExecutor.java:83)
	at org.openqa.selenium.remote.RemoteWebDriver.execute(RemoteWebDriver.java:552)
	at org.openqa.selenium.remote.RemoteWebDriver.findElement(RemoteWebDriver.java:323)
	at org.openqa.selenium.remote.RemoteWebDriver.findElementByXPath(RemoteWebDriver.java:428)
	at org.openqa.selenium.By$ByXPath.findElement(By.java:353)
	at org.openqa.selenium.remote.RemoteWebDriver.findElement(RemoteWebDriver.java:315)
	at org.openqa.selenium.support.pagefactory.DefaultElementLocator.findElement(DefaultElementLocator.java:69)
	at org.openqa.selenium.support.pagefactory.internal.LocatingElementHandler.invoke(LocatingElementHandler.java:38)
	at jdk.proxy2/jdk.proxy2.$Proxy14.isDisplayed(Unknown Source)
	at org.openqa.selenium.support.ui.ExpectedConditions.elementIfVisible(ExpectedConditions.java:314)
	at org.openqa.selenium.support.ui.ExpectedConditions.access$000(ExpectedConditions.java:43)
	at org.openqa.selenium.support.ui.ExpectedConditions$10.apply(ExpectedConditions.java:300)
	at org.openqa.selenium.support.ui.ExpectedConditions$10.apply(ExpectedConditions.java:297)
	at org.openqa.selenium.support.ui.FluentWait.until(FluentWait.java:249)
	... 32 more
</failure>
  </testcase>
  <testcase classname="Tests.Regression_Suit" name="upload_online_match_invalid_image_file" time="60.474">
    <failure message="Expected condition failed: waiting for visibility of Proxy element for: DefaultElementLocator &apos;By.xpath: //button[@class = &apos;dropdown-btn btnBlue inner btn btn-secondary btn btn-secondary&apos;]&apos; (tried for 60 second(s) with 500 milliseconds interval)" type="org.openqa.selenium.TimeoutException">org.openqa.selenium.TimeoutException: Expected condition failed: waiting for visibility of Proxy element for: DefaultElementLocator &apos;By.xpath: //button[@class = &apos;dropdown-btn btnBlue inner btn btn-secondary btn btn-secondary&apos;]&apos; (tried for 60 second(s) with 500 milliseconds interval)
	at org.openqa.selenium.support.ui.WebDriverWait.timeoutException(WebDriverWait.java:95)
	at org.openqa.selenium.support.ui.FluentWait.until(FluentWait.java:272)
	at Pages.SKUMatchingPage.upload_online_match_invalid_image_file(SKUMatchingPage.java:1518)
	at Tests.Regression_Suit.upload_online_match_invalid_image_file(Regression_Suit.java:494)
Caused by: org.openqa.selenium.NoSuchElementException: no such element: Unable to locate element: {&quot;method&quot;:&quot;xpath&quot;,&quot;selector&quot;:&quot;//button[@class = &apos;dropdown-btn btnBlue inner btn btn-secondary btn btn-secondary&apos;]&quot;}
  (Session info: chrome=110.0.5481.177)
For documentation on this error, please visit: https://www.seleniumhq.org/exceptions/no_such_element.html
Build info: version: &apos;3.141.59&apos;, revision: &apos;e82be7d358&apos;, time: &apos;2018-11-14T08:17:03&apos;
System info: host: &apos;ITOPSs-MacBook-Pro-3.local&apos;, ip: &apos;fe80:0:0:0:14ae:4bb5:e053:e16a%en0&apos;, os.name: &apos;Mac OS X&apos;, os.arch: &apos;aarch64&apos;, os.version: &apos;12.3&apos;, java.version: &apos;19.0.1&apos;
Driver info: org.openqa.selenium.chrome.ChromeDriver
Capabilities {acceptInsecureCerts: false, browserName: chrome, browserVersion: 110.0.5481.177, chrome: {chromedriverVersion: 110.0.5481.77 (65ed616c6e8e..., userDataDir: /var/folders/cn/t8j6szvx4_n...}, goog:chromeOptions: {debuggerAddress: localhost:51055}, javascriptEnabled: true, networkConnectionEnabled: false, pageLoadStrategy: normal, platform: MAC, platformName: MAC, proxy: Proxy(), setWindowRect: true, strictFileInteractability: false, timeouts: {implicit: 0, pageLoad: 300000, script: 30000}, unhandledPromptBehavior: dismiss and notify, webauthn:extension:credBlob: true, webauthn:extension:largeBlob: true, webauthn:virtualAuthenticators: true}
Session ID: c76c36f25819c43339798367d15e3cf1
*** Element info: {Using=xpath, value=//button[@class = &apos;dropdown-btn btnBlue inner btn btn-secondary btn btn-secondary&apos;]}
	at java.base/jdk.internal.reflect.DirectConstructorHandleAccessor.newInstance(DirectConstructorHandleAccessor.java:67)
	at java.base/java.lang.reflect.Constructor.newInstanceWithCaller(Constructor.java:500)
	at java.base/java.lang.reflect.Constructor.newInstance(Constructor.java:484)
	at org.openqa.selenium.remote.http.W3CHttpResponseCodec.createException(W3CHttpResponseCodec.java:187)
	at org.openqa.selenium.remote.http.W3CHttpResponseCodec.decode(W3CHttpResponseCodec.java:122)
	at org.openqa.selenium.remote.http.W3CHttpResponseCodec.decode(W3CHttpResponseCodec.java:49)
	at org.openqa.selenium.remote.HttpCommandExecutor.execute(HttpCommandExecutor.java:158)
	at org.openqa.selenium.remote.service.DriverCommandExecutor.execute(DriverCommandExecutor.java:83)
[...]
	at org.testng.Assert.assertEqualsImpl(Assert.java:137)
	at org.testng.Assert.assertEquals(Assert.java:118)
	at org.testng.Assert.assertEquals(Assert.java:652)
	at org.testng.Assert.assertEquals(Assert.java:662)
	at Pages.SKUMatchingPage.offline_label_total_errors(SKUMatchingPage.java:1845)
	at Tests.Regression_Suit.offline_label_total_errors(Regression_Suit.java:966)
</failure>
  </testcase>
  <testcase classname="Tests.Regression_Suit" name="offline_label_user" time="0.015"/>
  <testcase classname="Tests.Regression_Suit" name="offline_label_created_time" time="0.028"/>
  <testcase classname="Tests.Regression_Suit" name="offline_download_file_task_details" time="5.672"/>
  <testcase classname="Tests.Regression_Suit" name="offline_verify_view_matched_item_data" time="1.175">
    <failure message="element click intercepted: Element &lt;button type=&quot;button&quot; class=&quot;btn competitor-action-btn btn btn-secondary&quot;&gt;...&lt;/button&gt; is not clickable at point (455, 156). Other element would receive the click: &lt;th colspan=&quot;1&quot; role=&quot;columnheader&quot; title=&quot;Toggle SortBy&quot; style=&quot;width: 200px;&quot;&gt;...&lt;/th&gt;
  (Session info: chrome=110.0.5481.177)
Build info: version: &apos;3.141.59&apos;, revision: &apos;e82be7d358&apos;, time: &apos;2018-11-14T08:17:03&apos;
System info: host: &apos;ITOPSs-MacBook-Pro-3.local&apos;, ip: &apos;fe80:0:0:0:14ae:4bb5:e053:e16a%en0&apos;, os.name: &apos;Mac OS X&apos;, os.arch: &apos;aarch64&apos;, os.version: &apos;12.3&apos;, java.version: &apos;19.0.1&apos;
Driver info: org.openqa.selenium.chrome.ChromeDriver
Capabilities {acceptInsecureCerts: false, browserName: chrome, browserVersion: 110.0.5481.177, chrome: {chromedriverVersion: 110.0.5481.77 (65ed616c6e8e..., userDataDir: /var/folders/cn/t8j6szvx4_n...}, goog:chromeOptions: {debuggerAddress: localhost:51055}, javascriptEnabled: true, networkConnectionEnabled: false, pageLoadStrategy: normal, platform: MAC, platformName: MAC, proxy: Proxy(), setWindowRect: true, strictFileInteractability: false, timeouts: {implicit: 0, pageLoad: 300000, script: 30000}, unhandledPromptBehavior: dismiss and notify, webauthn:extension:credBlob: true, webauthn:extension:largeBlob: true, webauthn:virtualAuthenticators: true}
Session ID: c76c36f25819c43339798367d15e3cf1" type="org.openqa.selenium.ElementClickInterceptedException">org.openqa.selenium.ElementClickInterceptedException: element click intercepted: Element &lt;button type=&quot;button&quot; class=&quot;btn competitor-action-btn btn btn-secondary&quot;&gt;...&lt;/button&gt; is not clickable at point (455, 156). Other element would receive the click: &lt;th colspan=&quot;1&quot; role=&quot;columnheader&quot; title=&quot;Toggle SortBy&quot; style=&quot;width: 200px;&quot;&gt;...&lt;/th&gt;
  (Session info: chrome=110.0.5481.177)
Build info: version: &apos;3.141.59&apos;, revision: &apos;e82be7d358&apos;, time: &apos;2018-11-14T08:17:03&apos;
System info: host: &apos;ITOPSs-MacBook-Pro-3.local&apos;, ip: &apos;fe80:0:0:0:14ae:4bb5:e053:e16a%en0&apos;, os.name: &apos;Mac OS X&apos;, os.arch: &apos;aarch64&apos;, os.version: &apos;12.3&apos;, java.version: &apos;19.0.1&apos;
Driver info: org.openqa.selenium.chrome.ChromeDriver
Capabilities {acceptInsecureCerts: false, browserName: chrome, browserVersion: 110.0.5481.177, chrome: {chromedriverVersion: 110.0.5481.77 (65ed616c6e8e..., userDataDir: /var/folders/cn/t8j6szvx4_n...}, goog:chromeOptions: {debuggerAddress: localhost:51055}, javascriptEnabled: true, networkConnectionEnabled: false, pageLoadStrategy: normal, platform: MAC, platformName: MAC, proxy: Proxy(), setWindowRect: true, strictFileInteractability: false, timeouts: {implicit: 0, pageLoad: 300000, script: 30000}, unhandledPromptBehavior: dismiss and notify, webauthn:extension:credBlob: true, webauthn:extension:largeBlob: true, webauthn:virtualAuthenticators: true}
Session ID: c76c36f25819c43339798367d15e3cf1
	at java.base/jdk.internal.reflect.DirectConstructorHandleAccessor.newInstance(DirectConstructorHandleAccessor.java:67)
	at java.base/java.lang.reflect.Constructor.newInstanceWithCaller(Constructor.java:500)
	at java.base/java.lang.reflect.Constructor.newInstance(Constructor.java:484)
	at org.openqa.selenium.remote.http.W3CHttpResponseCodec.createException(W3CHttpResponseCodec.java:187)
	at org.openqa.selenium.remote.http.W3CHttpResponseCodec.decode(W3CHttpResponseCodec.java:122)
	at org.openqa.selenium.remote.http.W3CHttpResponseCodec.decode(W3CHttpResponseCodec.java:49)
	at org.openqa.selenium.remote.HttpCommandExecutor.execute(HttpCommandExecutor.java:158)
	at org.openqa.selenium.remote.service.DriverCommandExecutor.execute(DriverCommandExecutor.java:83)
	at org.openqa.selenium.remote.RemoteWebDriver.execute(RemoteWebDriver.java:552)
	at org.openqa.selenium.remote.RemoteWebElement.execute(RemoteWebElement.java:285)
	at org.openqa.selenium.remote.RemoteWebElement.click(RemoteWebElement.java:84)
	at java.base/jdk.internal.reflect.DirectMethodHandleAccessor.invoke(DirectMethodHandleAccessor.java:104)
	at java.base/java.lang.reflect.Method.invoke(Method.java:578)
	at org.openqa.selenium.support.pagefactory.internal.LocatingElementHandler.invoke(LocatingElementHandler.java:51)
	at jdk.proxy2/jdk.proxy2.$Proxy14.click(Unknown Source)
	at Pages.SKUMatchingPage.offline_verify_view_matched_item_data(SKUMatchingPage.java:1822)
	at Tests.Regression_Suit.offline_verify_view_matched_item_data(Regression_Suit.java:979)
</failure>
  </testcase>
  <testcase classname="Tests.Regression_Suit" name="offline_mark_inaccurate" time="3.37">
    <failure message="element click intercepted: Element &lt;button type=&quot;button&quot; class=&quot;btn competitor-action-btn btn btn-secondary&quot;&gt;...&lt;/button&gt; is not clickable at point (455, 156). Other element would receive the click: &lt;th colspan=&quot;1&quot; role=&quot;columnheader&quot; title=&quot;Toggle SortBy&quot; style=&quot;width: 200px;&quot;&gt;...&lt;/th&gt;
  (Session info: chrome=110.0.5481.177)
Build info: version: &apos;3.141.59&apos;, revision: &apos;e82be7d358&apos;, time: &apos;2018-11-14T08:17:03&apos;
System info: host: &apos;ITOPSs-MacBook-Pro-3.local&apos;, ip: &apos;fe80:0:0:0:14ae:4bb5:e053:e16a%en0&apos;, os.name: &apos;Mac OS X&apos;, os.arch: &apos;aarch64&apos;, os.version: &apos;12.3&apos;, java.version: &apos;19.0.1&apos;
Driver info: org.openqa.selenium.chrome.ChromeDriver
Capabilities {acceptInsecureCerts: false, browserName: chrome, browserVersion: 110.0.5481.177, chrome: {chromedriverVersion: 110.0.5481.77 (65ed616c6e8e..., userDataDir: /var/folders/cn/t8j6szvx4_n...}, goog:chromeOptions: {debuggerAddress: localhost:51055}, javascriptEnabled: true, networkConnectionEnabled: false, pageLoadStrategy: normal, platform: MAC, platformName: MAC, proxy: Proxy(), setWindowRect: true, strictFileInteractability: false, timeouts: {implicit: 0, pageLoad: 300000, script: 30000}, unhandledPromptBehavior: dismiss and notify, webauthn:extension:credBlob: true, webauthn:extension:largeBlob: true, webauthn:virtualAuthenticators: true}
Session ID: c76c36f25819c43339798367d15e3cf1" type="org.openqa.selenium.ElementClickInterceptedException">org.openqa.selenium.ElementClickInterceptedException: element click intercepted: Element &lt;button type=&quot;button&quot; class=&quot;btn competitor-action-btn btn btn-secondary&quot;&gt;...&lt;/button&gt; is not clickable at point (455, 156). Other element would receive the click: &lt;th colspan=&quot;1&quot; role=&quot;columnheader&quot; title=&quot;Toggle SortBy&quot; style=&quot;width: 200px;&quot;&gt;...&lt;/th&gt;
  (Session info: chrome=110.0.5481.177)
Build info: version: &apos;3.141.59&apos;, revision: &apos;e82be7d358&apos;, time: &apos;2018-11-14T08:17:03&apos;
System info: host: &apos;ITOPSs-MacBook-Pro-3.local&apos;, ip: &apos;fe80:0:0:0:14ae:4bb5:e053:e16a%en0&apos;, os.name: &apos;Mac OS X&apos;, os.arch: &apos;aarch64&apos;, os.version: &apos;12.3&apos;, java.version: &apos;19.0.1&apos;
Driver info: org.openqa.selenium.chrome.ChromeDriver
Capabilities {acceptInsecureCerts: false, browserName: chrome, browserVersion: 110.0.5481.177, chrome: {chromedriverVersion: 110.0.5481.77 (65ed616c6e8e..., userDataDir: /var/folders/cn/t8j6szvx4_n...}, goog:chromeOptions: {debuggerAddress: localhost:51055}, javascriptEnabled: true, networkConnectionEnabled: false, pageLoadStrategy: normal, platform: MAC, platformName: MAC, proxy: Proxy(), setWindowRect: true, strictFileInteractability: false, timeouts: {implicit: 0, pageLoad: 300000, script: 30000}, unhandledPromptBehavior: dismiss and notify, webauthn:extension:credBlob: true, webauthn:extension:largeBlob: true, webauthn:virtualAuthenticators: true}
Session ID: c76c36f25819c43339798367d15e3cf1
	at java.base/jdk.internal.reflect.DirectConstructorHandleAccessor.newInstance(DirectConstructorHandleAccessor.java:67)
	at java.base/java.lang.reflect.Constructor.newInstanceWithCaller(Constructor.java:500)
	at java.base/java.lang.reflect.Constructor.newInstance(Constructor.java:484)
	at org.openqa.selenium.remote.http.W3CHttpResponseCodec.createException(W3CHttpResponseCodec.java:187)
	at org.openqa.selenium.remote.http.W3CHttpResponseCodec.decode(W3CHttpResponseCodec.java:122)
	at org.openqa.selenium.remote.http.W3CHttpResponseCodec.decode(W3CHttpResponseCodec.java:49)
	at org.openqa.selenium.remote.HttpCommandExecutor.execute(HttpCommandExecutor.java:158)
	at org.openqa.selenium.remote.service.DriverCommandExecutor.execute(DriverCommandExecutor.java:83)
	at org.openqa.selenium.remote.RemoteWebDriver.execute(RemoteWebDriver.java:552)
	at org.openqa.selenium.remote.RemoteWebElement.execute(RemoteWebElement.java:285)
	at org.openqa.selenium.remote.RemoteWebElement.click(RemoteWebElement.java:84)
	at java.base/jdk.internal.reflect.DirectMethodHandleAccessor.invoke(DirectMethodHandleAccessor.java:104)
	at java.base/java.lang.reflect.Method.invoke(Method.java:578)
	at org.openqa.selenium.support.pagefactory.internal.LocatingElementHandler.invoke(LocatingElementHandler.java:51)
	at jdk.proxy2/jdk.proxy2.$Proxy14.click(Unknown Source)
	at Pages.SKUMatchingPage.mark_inaccurate(SKUMatchingPage.java:1199)
	at Tests.Regression_Suit.offline_mark_inaccurate(Regression_Suit.java:987)
</failure>
  </testcase>
  <testcase classname="Tests.Regression_Suit" name="offline_mark_verified" time="3.337">
    <failure message="element click intercepted: Element &lt;button type=&quot;button&quot; class=&quot;btn competitor-action-btn btn btn-secondary&quot;&gt;...&lt;/button&gt; is not clickable at point (455, 156). Other element would receive the click: &lt;th colspan=&quot;1&quot; role=&quot;columnheader&quot; title=&quot;Toggle SortBy&quot; style=&quot;width: 200px;&quot;&gt;...&lt;/th&gt;
  (Session info: chrome=110.0.5481.177)
Build info: version: &apos;3.141.59&apos;, revision: &apos;e82be7d358&apos;, time: &apos;2018-11-14T08:17:03&apos;
System info: host: &apos;ITOPSs-MacBook-Pro-3.local&apos;, ip: &apos;fe80:0:0:0:14ae:4bb5:e053:e16a%en0&apos;, os.name: &apos;Mac OS X&apos;, os.arch: &apos;aarch64&apos;, os.version: &apos;12.3&apos;, java.version: &apos;19.0.1&apos;
Driver info: org.openqa.selenium.chrome.ChromeDriver
Capabilities {acceptInsecureCerts: false, browserName: chrome, browserVersion: 110.0.5481.177, chrome: {chromedriverVersion: 110.0.5481.77 (65ed616c6e8e..., userDataDir: /var/folders/cn/t8j6szvx4_n...}, goog:chromeOptions: {debuggerAddress: localhost:51055}, javascriptEnabled: true, networkConnectionEnabled: false, pageLoadStrategy: normal, platform: MAC, platformName: MAC, proxy: Proxy(), setWindowRect: true, strictFileInteractability: false, timeouts: {implicit: 0, pageLoad: 300000, script: 30000}, unhandledPromptBehavior: dismiss and notify, webauthn:extension:credBlob: true, webauthn:extension:largeBlob: true, webauthn:virtualAuthenticators: true}
Session ID: c76c36f25819c43339798367d15e3cf1" type="org.openqa.selenium.ElementClickInterceptedException">org.openqa.selenium.ElementClickInterceptedException: element click intercepted: Element &lt;button type=&quot;button&quot; class=&quot;btn competitor-action-btn btn btn-secondary&quot;&gt;...&lt;/button&gt; is not clickable at point (455, 156). Other element would receive the click: &lt;th colspan=&quot;1&quot; role=&quot;columnheader&quot; title=&quot;Toggle SortBy&quot; style=&quot;width: 200px;&quot;&gt;...&lt;/th&gt;
  (Session info: chrome=110.0.5481.177)
Build info: version: &apos;3.141.59&apos;, revision: &apos;e82be7d358&apos;, time: &apos;2018-11-14T08:17:03&apos;
System info: host: &apos;ITOPSs-MacBook-Pro-3.local&apos;, ip: &apos;fe80:0:0:0:14ae:4bb5:e053:e16a%en0&apos;, os.name: &apos;Mac OS X&apos;, os.arch: &apos;aarch64&apos;, os.version: &apos;12.3&apos;, java.version: &apos;19.0.1&apos;
Driver info: org.openqa.selenium.chrome.ChromeDriver
Capabilities {acceptInsecureCerts: false, browserName: chrome, browserVersion: 110.0.5481.177, chrome: {chromedriverVersion: 110.0.5481.77 (65ed616c6e8e..., userDataDir: /var/folders/cn/t8j6szvx4_n...}, goog:chromeOptions: {debuggerAddress: localhost:51055}, javascriptEnabled: true, networkConnectionEnabled: false, pageLoadStrategy: normal, platform: MAC, platformName: MAC, proxy: Proxy(), setWindowRect: true, strictFileInteractability: false, timeouts: {implicit: 0, pageLoad: 300000, script: 30000}, unhandledPromptBehavior: dismiss and notify, webauthn:extension:credBlob: true, webauthn:extension:largeBlob: true, webauthn:virtualAuthenticators: true}
Session ID: c76c36f25819c43339798367d15e3cf1
	at java.base/jdk.internal.reflect.DirectConstructorHandleAccessor.newInstance(DirectConstructorHandleAccessor.java:67)
	at java.base/java.lang.reflect.Constructor.newInstanceWithCaller(Constructor.java:500)
	at java.base/java.lang.reflect.Constructor.newInstance(Constructor.java:484)
	at org.openqa.selenium.remote.http.W3CHttpResponseCodec.createException(W3CHttpResponseCodec.java:187)
	at org.openqa.selenium.remote.http.W3CHttpResponseCodec.decode(W3CHttpResponseCodec.java:122)
	at org.openqa.selenium.remote.http.W3CHttpResponseCodec.decode(W3CHttpResponseCodec.java:49)
	at org.openqa.selenium.remote.HttpCommandExecutor.execute(HttpCommandExecutor.java:158)
	at org.openqa.selenium.remote.service.DriverCommandExecutor.execute(DriverCommandExecutor.java:83)
	at org.openqa.selenium.remote.RemoteWebDriver.execute(RemoteWebDriver.java:552)
	at org.openqa.selenium.remote.RemoteWebElement.execute(RemoteWebElement.java:285)
	at org.openqa.selenium.remote.RemoteWebElement.click(RemoteWebElement.java:84)
	at java.base/jdk.internal.reflect.DirectMethodHandleAccessor.invoke(DirectMethodHandleAccessor.java:104)
	at java.base/java.lang.reflect.Method.invoke(Method.java:578)
	at org.openqa.selenium.support.pagefactory.internal.LocatingElementHandler.invoke(LocatingElementHandler.java:51)
	at jdk.proxy2/jdk.proxy2.$Proxy14.click(Unknown Source)
	at Pages.SKUMatchingPage.mark_verified(SKUMatchingPage.java:1239)
	at Tests.Regression_Suit.offline_mark_verified(Regression_Suit.java:991)
</failure>
  </testcase>
  <testcase classname="Tests.Regression_Suit" name="offline_verify_mark_inaccurate_dropdown" time="3.308">
    <failure message="element click intercepted: Element &lt;button type=&quot;button&quot; class=&quot;btn competitor-action-btn btn btn-secondary&quot;&gt;...&lt;/button&gt; is not clickable at point (455, 156). Other element would receive the click: &lt;th colspan=&quot;1&quot; role=&quot;columnheader&quot; title=&quot;Toggle SortBy&quot; style=&quot;width: 200px;&quot;&gt;...&lt;/th&gt;
  (Session info: chrome=110.0.5481.177)
Build info: version: &apos;3.141.59&apos;, revision: &apos;e82be7d358&apos;, time: &apos;2018-11-14T08:17:03&apos;
System info: host: &apos;ITOPSs-MacBook-Pro-3.local&apos;, ip: &apos;fe80:0:0:0:14ae:4bb5:e053:e16a%en0&apos;, os.name: &apos;Mac OS X&apos;, os.arch: &apos;aarch64&apos;, os.version: &apos;12.3&apos;, java.version: &apos;19.0.1&apos;
Driver info: org.openqa.selenium.chrome.ChromeDriver
Capabilities {acceptInsecureCerts: false, browserName: chrome, browserVersion: 110.0.5481.177, chrome: {chromedriverVersion: 110.0.5481.77 (65ed616c6e8e..., userDataDir: /var/folders/cn/t8j6szvx4_n...}, goog:chromeOptions: {debuggerAddress: localhost:51055}, javascriptEnabled: true, networkConnectionEnabled: false, pageLoadStrategy: normal, platform: MAC, platformName: MAC, proxy: Proxy(), setWindowRect: true, strictFileInteractability: false, timeouts: {implicit: 0, pageLoad: 300000, script: 30000}, unhandledPromptBehavior: dismiss and notify, webauthn:extension:credBlob: true, webauthn:extension:largeBlob: true, webauthn:virtualAuthenticators: true}
Session ID: c76c36f25819c43339798367d15e3cf1" type="org.openqa.selenium.ElementClickInterceptedException">org.openqa.selenium.ElementClickInterceptedException: element click intercepted: Element &lt;button type=&quot;button&quot; class=&quot;btn competitor-action-btn btn btn-secondary&quot;&gt;...&lt;/button&gt; is not clickable at point (455, 156). Other element would receive the click: &lt;th colspan=&quot;1&quot; role=&quot;columnheader&quot; title=&quot;Toggle SortBy&quot; style=&quot;width: 200px;&quot;&gt;...&lt;/th&gt;
  (Session info: chrome=110.0.5481.177)
Build info: version: &apos;3.141.59&apos;, revision: &apos;e82be7d358&apos;, time: &apos;2018-11-14T08:17:03&apos;
System info: host: &apos;ITOPSs-MacBook-Pro-3.local&apos;, ip: &apos;fe80:0:0:0:14ae:4bb5:e053:e16a%en0&apos;, os.name: &apos;Mac OS X&apos;, os.arch: &apos;aarch64&apos;, os.version: &apos;12.3&apos;, java.version: &apos;19.0.1&apos;
Driver info: org.openqa.selenium.chrome.ChromeDriver
Capabilities {acceptInsecureCerts: false, browserName: chrome, browserVersion: 110.0.5481.177, chrome: {chromedriverVersion: 110.0.5481.77 (65ed616c6e8e..., userDataDir: /var/folders/cn/t8j6szvx4_n...}, goog:chromeOptions: {debuggerAddress: localhost:51055}, javascriptEnabled: true, networkConnectionEnabled: false, pageLoadStrategy: normal, platform: MAC, platformName: MAC, proxy: Proxy(), setWindowRect: true, strictFileInteractability: false, timeouts: {implicit: 0, pageLoad: 300000, script: 30000}, unhandledPromptBehavior: dismiss and notify, webauthn:extension:credBlob: true, webauthn:extension:largeBlob: true, webauthn:virtualAuthenticators: true}
Session ID: c76c36f25819c43339798367d15e3cf1
	at java.base/jdk.internal.reflect.DirectConstructorHandleAccessor.newInstance(DirectConstructorHandleAccessor.java:67)
	at java.base/java.lang.reflect.Constructor.newInstanceWithCaller(Constructor.java:500)
	at java.base/java.lang.reflect.Constructor.newInstance(Constructor.java:484)
	at org.openqa.selenium.remote.http.W3CHttpResponseCodec.createException(W3CHttpResponseCodec.java:187)
	at org.openqa.selenium.remote.http.W3CHttpResponseCodec.decode(W3CHttpResponseCodec.java:122)
	at org.openqa.selenium.remote.http.W3CHttpResponseCodec.decode(W3CHttpResponseCodec.java:49)
	at org.openqa.selenium.remote.HttpCommandExecutor.execute(HttpCommandExecutor.java:158)
	at org.openqa.selenium.remote.service.DriverCommandExecutor.execute(DriverCommandExecutor.java:83)
	at org.openqa.selenium.remote.RemoteWebDriver.execute(RemoteWebDriver.java:552)
	at org.openqa.selenium.remote.RemoteWebElement.execute(RemoteWebElement.java:285)
	at org.openqa.selenium.remote.RemoteWebElement.click(RemoteWebElement.java:84)
	at java.base/jdk.internal.reflect.DirectMethodHandleAccessor.invoke(DirectMethodHandleAccessor.java:104)
	at java.base/java.lang.reflect.Method.invoke(Method.java:578)
	at org.openqa.selenium.support.pagefactory.internal.LocatingElementHandler.invoke(LocatingElementHandler.java:51)
	at jdk.proxy2/jdk.proxy2.$Proxy14.click(Unknown Source)
	at Pages.SKUMatchingPage.verify_mark_inaccurate_dropdown(SKUMatchingPage.java:1279)
	at Tests.Regression_Suit.offline_verify_mark_inaccurate_dropdown(Regression_Suit.java:995)
</failure>
  </testcase>
</testsuite>