-------------------------------------------------------------------------------
Test set: Tests.Regression_Suit
-------------------------------------------------------------------------------
Tests run: 198, Failures: 13, Errors: 0, Skipped: 0, Time elapsed: 1,417.119 s <<< FAILURE! - in Tests.Regression_Suit
getandcomparedata(Tests.Regression_Suit)  Time elapsed: 59.527 s  <<< FAILURE!
java.lang.AssertionError: expected [147] but found [145]
	at Tests.Regression_Suit.getandcomparedata(Regression_Suit.java:180)

download_create_task_templete(Tests.Regression_Suit)  Time elapsed: 2.877 s  <<< FAILURE!
java.nio.file.NoSuchFileException: /home/qaautomation/Downloads
	at Tests.Regression_Suit.download_create_task_templete(Regression_Suit.java:221)

verify_get_task_data(Tests.Regression_Suit)  Time elapsed: 14.221 s  <<< FAILURE!
java.text.ParseException: Unparseable date: "Wed, 20 Sep 2023 05:18:18 GMT"
	at Tests.Regression_Suit.verify_get_task_data(Regression_Suit.java:240)

download_file_task_details(Tests.Regression_Suit)  Time elapsed: 2.812 s  <<< FAILURE!
java.nio.file.NoSuchFileException: /home/qaautomation/Downloads
	at Tests.Regression_Suit.download_file_task_details(Regression_Suit.java:453)

download_templete_online_matches(Tests.Regression_Suit)  Time elapsed: 2.209 s  <<< FAILURE!
java.nio.file.NoSuchFileException: /home/qaautomation/Downloads
	at Tests.Regression_Suit.download_templete_online_matches(Regression_Suit.java:518)

online_get_task_data(Tests.Regression_Suit)  Time elapsed: 14.181 s  <<< FAILURE!
java.text.ParseException: Unparseable date: "Wed, 20 Sep 2023 05:21:35 GMT"
	at Tests.Regression_Suit.online_get_task_data(Regression_Suit.java:522)

online_download_file_task_details(Tests.Regression_Suit)  Time elapsed: 2.81 s  <<< FAILURE!
java.nio.file.NoSuchFileException: /home/qaautomation/Downloads
	at Tests.Regression_Suit.online_download_file_task_details(Regression_Suit.java:728)

upload_offline_match_valid_file_click_upload(Tests.Regression_Suit)  Time elapsed: 61.933 s  <<< FAILURE!
org.openqa.selenium.TimeoutException: Expected condition failed: waiting for visibility of Proxy element for: DefaultElementLocator 'By.cssSelector: div.alert.fade.show' (tried for 60 second(s) with 500 milliseconds interval)
	at Tests.Regression_Suit.upload_offline_match_valid_file_click_upload(Regression_Suit.java:773)
Caused by: org.openqa.selenium.NoSuchElementException: 
no such element: Unable to locate element: {"method":"css selector","selector":"div.alert.fade.show"}
  (Session info: headless chrome=110.0.5481.177)
For documentation on this error, please visit: https://www.seleniumhq.org/exceptions/no_such_element.html
Build info: version: '3.141.59', revision: 'e82be7d358', time: '2018-11-14T08:17:03'
System info: host: 'ITOPSs-MacBook-Pro-3.local', ip: 'fe80:0:0:0:823:cb32:2264:e298%en0', os.name: 'Mac OS X', os.arch: 'aarch64', os.version: '13.5.1', java.version: '19.0.1'
Driver info: org.openqa.selenium.chrome.ChromeDriver
Capabilities {acceptInsecureCerts: false, browserName: chrome, browserVersion: 110.0.5481.177, chrome: {chromedriverVersion: 110.0.5481.77 (65ed616c6e8e..., userDataDir: /var/folders/cn/t8j6szvx4_n...}, goog:chromeOptions: {debuggerAddress: localhost:54421}, javascriptEnabled: true, networkConnectionEnabled: false, pageLoadStrategy: normal, platform: MAC, platformName: MAC, proxy: Proxy(), setWindowRect: true, strictFileInteractability: false, timeouts: {implicit: 0, pageLoad: 300000, script: 30000}, unhandledPromptBehavior: dismiss and notify, webauthn:extension:credBlob: true, webauthn:extension:largeBlob: true, webauthn:virtualAuthenticators: true}
Session ID: 62004591d3d10c1bfc87c2c3940ba585
*** Element info: {Using=css selector, value=div.alert.fade.show}
	at Tests.Regression_Suit.upload_offline_match_valid_file_click_upload(Regression_Suit.java:773)

download_templete_offline_matches(Tests.Regression_Suit)  Time elapsed: 2.379 s  <<< FAILURE!
java.nio.file.NoSuchFileException: /home/qaautomation/Downloads
	at Tests.Regression_Suit.download_templete_offline_matches(Regression_Suit.java:793)

offline_get_task_data(Tests.Regression_Suit)  Time elapsed: 14.203 s  <<< FAILURE!
java.text.ParseException: Unparseable date: "Wed, 20 Sep 2023 05:21:35 GMT"
	at Tests.Regression_Suit.offline_get_task_data(Regression_Suit.java:797)

offline_label_user(Tests.Regression_Suit)  Time elapsed: 2.067 s  <<< FAILURE!
java.lang.AssertionError: expected [Chaldal_bdPandaMartPickaboo_bdShajgojStartech_BDtest competitor] but found [Tech Team]
	at Tests.Regression_Suit.offline_label_user(Regression_Suit.java:995)

offline_label_created_time(Tests.Regression_Suit)  Time elapsed: 0.032 s  <<< FAILURE!
java.text.ParseException: Unparseable date: "Tech Team"
	at Tests.Regression_Suit.offline_label_created_time(Regression_Suit.java:998)

offline_download_file_task_details(Tests.Regression_Suit)  Time elapsed: 2.806 s  <<< FAILURE!
java.nio.file.NoSuchFileException: /home/qaautomation/Downloads
	at Tests.Regression_Suit.offline_download_file_task_details(Regression_Suit.java:1001)

