<?xml version="1.0" encoding="UTF-8"?>
<testsuite xmlns:xsi="http://www.w3.org/2001/XMLSchema-instance" xsi:noNamespaceSchemaLocation="https://maven.apache.org/surefire/maven-surefire-plugin/xsd/surefire-test-report.xsd" name="Tests.Regression_Suit" time="56.619" tests="16" errors="0" skipped="0" failures="3">
  <properties>
[...]
</properties>
  <testcase name="verify_sucessful_login" classname="Tests.Regression_Suit" time="10.697"/>
  <testcase name="change_venture_BD" classname="Tests.Regression_Suit" time="9.709"/>
  <testcase name="click_verfication_queue_module" classname="Tests.Regression_Suit" time="1.442"/>
  <testcase name="verify_sortby_filter" classname="Tests.Regression_Suit" time="0.048"/>
  <testcase name="Select_SortBy_filters" classname="Tests.Regression_Suit" time="6.563"/>
  <testcase name="verify_Competitors_filters" classname="Tests.Regression_Suit" time="0.998"/>
  <testcase name="select_competitors" classname="Tests.Regression_Suit" time="0.647"/>
  <testcase name="verify_l1_cateogry_filter" classname="Tests.Regression_Suit" time="0.69"/>
  <testcase name="select_l1_cateogry" classname="Tests.Regression_Suit" time="11.159">
    <failure message="element click intercepted: Element &lt;li class=&quot;option    &quot;&gt;...&lt;/li&gt; is not clickable at point (114, 23). Other element would receive the click: &lt;div class=&quot;sidebar-header&quot;&gt;...&lt;/div&gt;&#10;  (Session info: chrome=110.0.5481.177)&#10;Build info: version: &apos;4.10.0&apos;, revision: &apos;c14d967899&apos;&#10;System info: os.name: &apos;Mac OS X&apos;, os.arch: &apos;aarch64&apos;, os.version: &apos;13.5.1&apos;, java.version: &apos;19.0.1&apos;&#10;Driver info: org.openqa.selenium.chrome.ChromeDriver&#10;Command: [e98d7db0924a08250934b6ea5e90ce3a, clickElement {id=8a52f4a2-3c40-4dc5-825d-2b9d20334ef2}]&#10;Capabilities {acceptInsecureCerts: false, browserName: chrome, browserVersion: 110.0.5481.177, chrome: {chromedriverVersion: 110.0.5481.77 (65ed616c6e8e..., userDataDir: /var/folders/cn/t8j6szvx4_n...}, goog:chromeOptions: {debuggerAddress: localhost:50001}, networkConnectionEnabled: false, pageLoadStrategy: normal, platformName: mac, proxy: Proxy(), se:cdp: ws://localhost:50001/devtoo..., se:cdpVersion: 110.0.5481.177, setWindowRect: true, strictFileInteractability: false, timeouts: {implicit: 0, pageLoad: 300000, script: 30000}, unhandledPromptBehavior: dismiss and notify, webauthn:extension:credBlob: true, webauthn:extension:largeBlob: true, webauthn:virtualAuthenticators: true}&#10;Element: [[ChromeDriver: chrome on mac (e98d7db0924a08250934b6ea5e90ce3a)] -&gt; xpath: //div[@class=&apos;form-row flex-column p-3&apos;][2]/div/div[@class=&apos;multiselect-container multiSelectContainer  form-control custom-select&apos;]/div/ul/li[contains(text(),&apos;All&apos;)]]&#10;Session ID: e98d7db0924a08250934b6ea5e90ce3a" type="org.openqa.selenium.ElementClickInterceptedException"><![CDATA[org.openqa.selenium.ElementClickInterceptedException: 
element click intercepted: Element <li class="option    ">...</li> is not clickable at point (114, 23). Other element would receive the click: <div class="sidebar-header">...</div>
  (Session info: chrome=110.0.5481.177)
Build info: version: '4.10.0', revision: 'c14d967899'
System info: os.name: 'Mac OS X', os.arch: 'aarch64', os.version: '13.5.1', java.version: '19.0.1'
Driver info: org.openqa.selenium.chrome.ChromeDriver
Command: [e98d7db0924a08250934b6ea5e90ce3a, clickElement {id=8a52f4a2-3c40-4dc5-825d-2b9d20334ef2}]
Capabilities {acceptInsecureCerts: false, browserName: chrome, browserVersion: 110.0.5481.177, chrome: {chromedriverVersion: 110.0.5481.77 (65ed616c6e8e..., userDataDir: /var/folders/cn/t8j6szvx4_n...}, goog:chromeOptions: {debuggerAddress: localhost:50001}, networkConnectionEnabled: false, pageLoadStrategy: normal, platformName: mac, proxy: Proxy(), se:cdp: ws://localhost:50001/devtoo..., se:cdpVersion: 110.0.5481.177, setWindowRect: true, strictFileInteractability: false, timeouts: {implicit: 0, pageLoad: 300000, script: 30000}, unhandledPromptBehavior: dismiss and notify, webauthn:extension:credBlob: true, webauthn:extension:largeBlob: true, webauthn:virtualAuthenticators: true}
Element: [[ChromeDriver: chrome on mac (e98d7db0924a08250934b6ea5e90ce3a)] -> xpath: //div[@class='form-row flex-column p-3'][2]/div/div[@class='multiselect-container multiSelectContainer  form-control custom-select']/div/ul/li[contains(text(),'All')]]
Session ID: e98d7db0924a08250934b6ea5e90ce3a
	at Tests.Regression_Suit.select_l1_cateogry(Regression_Suit.java:1108)
]]></failure>
    <system-out><![CDATA[

****************
verify_l1_cateogry_filter     
1

****************

]]></system-out>
  </testcase>
  <testcase name="verify_business_type_filter" classname="Tests.Regression_Suit" time="0.051"/>
  <testcase name="select_business_type_filter" classname="Tests.Regression_Suit" time="0.385"/>
  <testcase name="verify_match_age_filter" classname="Tests.Regression_Suit" time="0.033"/>
  <testcase name="select_match_age_filter" classname="Tests.Regression_Suit" time="0.642"/>
  <testcase name="verify_industry_filter" classname="Tests.Regression_Suit" time="0.348">
    <failure message="expected [All&#10;GM&#10;EL&#10;FMCG&#10;Fashion&#10;Others&#10;Digital Goods&#10;Mobiles &amp; Tablets&#10;Kitchen &amp; Dining] but found [All&#10;Fashion&#10;18&#10;Digital Goods&#10;Mobiles &amp; Tablets&#10;0.0&#10;FMCG&#10;GM&#10;Kitchen &amp; Dining&#10;EL&#10;Others]" type="java.lang.AssertionError"><![CDATA[java.lang.AssertionError: 
expected [All
GM
EL
FMCG
Fashion
Others
Digital Goods
Mobiles & Tablets
Kitchen & Dining] but found [All
Fashion
18
Digital Goods
Mobiles & Tablets
0.0
FMCG
GM
Kitchen & Dining
EL
Others]
	at Tests.Regression_Suit.verify_industry_filter(Regression_Suit.java:1128)
]]></failure>
    <system-out><![CDATA[

****************
select_match_age_filter     
1

****************

]]></system-out>
  </testcase>
  <testcase name="verify_stock_filter" classname="Tests.Regression_Suit" time="0.037"/>
  <testcase name="click_filter_button" classname="Tests.Regression_Suit" time="0.125">
    <failure message="no such element: Unable to locate element: {&quot;method&quot;:&quot;css selector&quot;,&quot;selector&quot;:&quot;div.spinner&quot;}&#10;  (Session info: chrome=110.0.5481.177)&#10;For documentation on this error, please visit: https://www.selenium.dev/documentation/webdriver/troubleshooting/errors#no-such-element-exception&#10;Build info: version: &apos;4.10.0&apos;, revision: &apos;c14d967899&apos;&#10;System info: os.name: &apos;Mac OS X&apos;, os.arch: &apos;aarch64&apos;, os.version: &apos;13.5.1&apos;, java.version: &apos;19.0.1&apos;&#10;Driver info: org.openqa.selenium.chrome.ChromeDriver&#10;Command: [e98d7db0924a08250934b6ea5e90ce3a, findElement {using=css selector, value=div.spinner}]&#10;Capabilities {acceptInsecureCerts: false, browserName: chrome, browserVersion: 110.0.5481.177, chrome: {chromedriverVersion: 110.0.5481.77 (65ed616c6e8e..., userDataDir: /var/folders/cn/t8j6szvx4_n...}, goog:chromeOptions: {debuggerAddress: localhost:50001}, networkConnectionEnabled: false, pageLoadStrategy: normal, platformName: mac, proxy: Proxy(), se:cdp: ws://localhost:50001/devtoo..., se:cdpVersion: 110.0.5481.177, setWindowRect: true, strictFileInteractability: false, timeouts: {implicit: 0, pageLoad: 300000, script: 30000}, unhandledPromptBehavior: dismiss and notify, webauthn:extension:credBlob: true, webauthn:extension:largeBlob: true, webauthn:virtualAuthenticators: true}&#10;Session ID: e98d7db0924a08250934b6ea5e90ce3a" type="org.openqa.selenium.NoSuchElementException">org.openqa.selenium.NoSuchElementException: 
no such element: Unable to locate element: {"method":"css selector","selector":"div.spinner"}
  (Session info: chrome=110.0.5481.177)
For documentation on this error, please visit: https://www.selenium.dev/documentation/webdriver/troubleshooting/errors#no-such-element-exception
Build info: version: '4.10.0', revision: 'c14d967899'
System info: os.name: 'Mac OS X', os.arch: 'aarch64', os.version: '13.5.1', java.version: '19.0.1'
Driver info: org.openqa.selenium.chrome.ChromeDriver
Command: [e98d7db0924a08250934b6ea5e90ce3a, findElement {using=css selector, value=div.spinner}]
Capabilities {acceptInsecureCerts: false, browserName: chrome, browserVersion: 110.0.5481.177, chrome: {chromedriverVersion: 110.0.5481.77 (65ed616c6e8e..., userDataDir: /var/folders/cn/t8j6szvx4_n...}, goog:chromeOptions: {debuggerAddress: localhost:50001}, networkConnectionEnabled: false, pageLoadStrategy: normal, platformName: mac, proxy: Proxy(), se:cdp: ws://localhost:50001/devtoo..., se:cdpVersion: 110.0.5481.177, setWindowRect: true, strictFileInteractability: false, timeouts: {implicit: 0, pageLoad: 300000, script: 30000}, unhandledPromptBehavior: dismiss and notify, webauthn:extension:credBlob: true, webauthn:extension:largeBlob: true, webauthn:virtualAuthenticators: true}
Session ID: e98d7db0924a08250934b6ea5e90ce3a
	at Tests.Regression_Suit.click_filter_button(Regression_Suit.java:1136)
</failure>
    <system-out><![CDATA[

****************
verify_stock_filter     
1

****************

Start Queue
]]></system-out>
  </testcase>
</testsuite>