<?xml version="1.0" encoding="UTF-8"?>
<!-- Generated by org.testng.reporters.JUnitXMLReporter -->
<testsuite ignored="0" hostname="ITOPSs-MacBook-Pro-3.local" failures="1" tests="2" name="Command line test" time="107.279" errors="0" timestamp="18 May 2023 12:43:05 GMT">
  <testcase classname="Tests.demo" name="verify_successful_login" time="83.402"/>
  <testcase classname="Tests.demo" name="click_skumatching_module" time="23.783">
    <failure type="java.lang.AssertionError" message="expected [true] but found [false]">
      <![CDATA[java.lang.AssertionError: expected [true] but found [false]
at Pages.DarazPricingDatabasePage.verify_search_sku_name_lower_case(DarazPricingDatabasePage.java:37)
at Tests.demo.click_skumatching_module(demo.java:48)
... Removed 34 stack frames]]>
    </failure>
  </testcase> <!-- click_skumatching_module -->
</testsuite> <!-- Command line test -->
